fioccpe: (g=0): rw=randwrite, bs=32K-32K/32K-32K/32K-32K, ioengine=sync, iodepth=1
fio-2.2.10
Starting 1 process

fioccpe: (groupid=0, jobs=1): err= 0: pid=20938: Tue Sep  5 13:34:20 2017
  write: io=20480MB, bw=585127KB/s, iops=18285, runt= 35841msec
    clat (usec): min=16, max=457943, avg=49.53, stdev=896.94
     lat (usec): min=16, max=457943, avg=49.87, stdev=896.94
    clat percentiles (usec):
     |  1.00th=[   18],  5.00th=[   19], 10.00th=[   19], 20.00th=[   20],
     | 30.00th=[   20], 40.00th=[   21], 50.00th=[   22], 60.00th=[   22],
     | 70.00th=[   23], 80.00th=[   25], 90.00th=[   30], 95.00th=[   36],
     | 99.00th=[   47], 99.50th=[   55], 99.90th=[ 8512], 99.95th=[ 8768],
     | 99.99th=[ 8896]
    bw (KB  /s): min=   13, max=1483328, per=100.00%, avg=627622.98, stdev=454800.89
    lat (usec) : 20=19.59%, 50=79.64%, 100=0.40%, 250=0.01%
    lat (msec) : 10=0.36%, 20=0.01%, 50=0.01%, 100=0.01%, 250=0.01%
    lat (msec) : 500=0.01%
  cpu          : usr=2.66%, sys=49.29%, ctx=2798, majf=0, minf=11
  IO depths    : 1=100.0%, 2=0.0%, 4=0.0%, 8=0.0%, 16=0.0%, 32=0.0%, >=64=0.0%
     submit    : 0=0.0%, 4=100.0%, 8=0.0%, 16=0.0%, 32=0.0%, 64=0.0%, >=64=0.0%
     complete  : 0=0.0%, 4=100.0%, 8=0.0%, 16=0.0%, 32=0.0%, 64=0.0%, >=64=0.0%
     issued    : total=r=0/w=655360/d=0, short=r=0/w=0/d=0, drop=r=0/w=0/d=0
     latency   : target=0, window=0, percentile=100.00%, depth=1

Run status group 0 (all jobs):
  WRITE: io=20480MB, aggrb=585126KB/s, minb=585126KB/s, maxb=585126KB/s, mint=35841msec, maxt=35841msec

Disk stats (read/write):
  sdb: ios=0/84464, merge=0/14, ticks=0/4090236, in_queue=4097908, util=80.87%
