fioccpe: (g=0): rw=randwrite, bs=32K-32K/32K-32K/32K-32K, ioengine=sync, iodepth=1
fio-2.2.10
Starting 1 process

fioccpe: (groupid=0, jobs=1): err= 0: pid=20066: Tue Sep  5 13:27:31 2017
  write: io=18968MB, bw=323723KB/s, iops=10116, runt= 60001msec
    clat (usec): min=55, max=18650, avg=95.16, stdev=105.23
     lat (usec): min=56, max=18651, avg=96.01, stdev=105.24
    clat percentiles (usec):
     |  1.00th=[   60],  5.00th=[   64], 10.00th=[   67], 20.00th=[   72],
     | 30.00th=[   77], 40.00th=[   82], 50.00th=[   88], 60.00th=[   93],
     | 70.00th=[  102], 80.00th=[  109], 90.00th=[  121], 95.00th=[  126],
     | 99.00th=[  181], 99.50th=[  486], 99.90th=[  652], 99.95th=[  660],
     | 99.99th=[ 3952]
    bw (KB  /s): min=301632, max=368832, per=99.99%, avg=323699.69, stdev=8232.39
    lat (usec) : 100=67.10%, 250=32.09%, 500=0.33%, 750=0.45%, 1000=0.01%
    lat (msec) : 2=0.01%, 4=0.01%, 10=0.01%, 20=0.01%
  cpu          : usr=4.89%, sys=12.81%, ctx=607007, majf=0, minf=9
  IO depths    : 1=100.0%, 2=0.0%, 4=0.0%, 8=0.0%, 16=0.0%, 32=0.0%, >=64=0.0%
     submit    : 0=0.0%, 4=100.0%, 8=0.0%, 16=0.0%, 32=0.0%, 64=0.0%, >=64=0.0%
     complete  : 0=0.0%, 4=100.0%, 8=0.0%, 16=0.0%, 32=0.0%, 64=0.0%, >=64=0.0%
     issued    : total=r=0/w=606990/d=0, short=r=0/w=0/d=0, drop=r=0/w=0/d=0
     latency   : target=0, window=0, percentile=100.00%, depth=1

Run status group 0 (all jobs):
  WRITE: io=18968MB, aggrb=323722KB/s, minb=323722KB/s, maxb=323722KB/s, mint=60001msec, maxt=60001msec

Disk stats (read/write):
  sdb: ios=0/606266, merge=0/11, ticks=0/48680, in_queue=48536, util=80.89%
