fioccpe: (g=0): rw=randwrite, bs=32K-32K/32K-32K/32K-32K, ioengine=sync, iodepth=1
fio-2.2.10
Starting 1 process

fioccpe: (groupid=0, jobs=1): err= 0: pid=20570: Tue Sep  5 13:31:17 2017
  write: io=20480MB, bw=585192KB/s, iops=18287, runt= 35837msec
    clat (usec): min=16, max=428463, avg=49.50, stdev=867.21
     lat (usec): min=17, max=428464, avg=49.85, stdev=867.22
    clat percentiles (usec):
     |  1.00th=[   18],  5.00th=[   18], 10.00th=[   19], 20.00th=[   19],
     | 30.00th=[   20], 40.00th=[   21], 50.00th=[   22], 60.00th=[   22],
     | 70.00th=[   23], 80.00th=[   25], 90.00th=[   28], 95.00th=[   33],
     | 99.00th=[   44], 99.50th=[   53], 99.90th=[ 8768], 99.95th=[ 8768],
     | 99.99th=[ 8896]
    bw (KB  /s): min=   13, max=1488192, per=100.00%, avg=626728.72, stdev=451556.34
    lat (usec) : 20=20.53%, 50=78.87%, 100=0.22%, 250=0.02%, 1000=0.01%
    lat (msec) : 10=0.36%, 20=0.01%, 50=0.01%, 100=0.01%, 250=0.01%
    lat (msec) : 500=0.01%
  cpu          : usr=2.85%, sys=48.58%, ctx=2855, majf=0, minf=10
  IO depths    : 1=100.0%, 2=0.0%, 4=0.0%, 8=0.0%, 16=0.0%, 32=0.0%, >=64=0.0%
     submit    : 0=0.0%, 4=100.0%, 8=0.0%, 16=0.0%, 32=0.0%, 64=0.0%, >=64=0.0%
     complete  : 0=0.0%, 4=100.0%, 8=0.0%, 16=0.0%, 32=0.0%, 64=0.0%, >=64=0.0%
     issued    : total=r=0/w=655360/d=0, short=r=0/w=0/d=0, drop=r=0/w=0/d=0
     latency   : target=0, window=0, percentile=100.00%, depth=1

Run status group 0 (all jobs):
  WRITE: io=20480MB, aggrb=585191KB/s, minb=585191KB/s, maxb=585191KB/s, mint=35837msec, maxt=35837msec

Disk stats (read/write):
  sdb: ios=0/84593, merge=0/20, ticks=0/4096456, in_queue=4104208, util=80.92%
