fioccpe: (g=0): rw=randwrite, bs=32K-32K/32K-32K/32K-32K, ioengine=sync, iodepth=1
fio-2.2.10
Starting 1 process

fioccpe: (groupid=0, jobs=1): err= 0: pid=21440: Tue Sep  5 13:38:48 2017
  write: io=18343MB, bw=313042KB/s, iops=9782, runt= 60001msec
    clat (usec): min=60, max=18384, avg=98.56, stdev=127.87
     lat (usec): min=60, max=18385, avg=99.40, stdev=127.88
    clat percentiles (usec):
     |  1.00th=[   67],  5.00th=[   71], 10.00th=[   73], 20.00th=[   77],
     | 30.00th=[   81], 40.00th=[   85], 50.00th=[   88], 60.00th=[   90],
     | 70.00th=[   93], 80.00th=[   96], 90.00th=[  106], 95.00th=[  120],
     | 99.00th=[  644], 99.50th=[  652], 99.90th=[  660], 99.95th=[  668],
     | 99.99th=[ 2992]
    bw (KB  /s): min=292032, max=362944, per=100.00%, avg=313053.35, stdev=9020.35
    lat (usec) : 100=85.15%, 250=13.04%, 500=0.30%, 750=1.50%, 1000=0.01%
    lat (msec) : 2=0.01%, 4=0.01%, 10=0.01%, 20=0.01%
  cpu          : usr=4.73%, sys=13.21%, ctx=586978, majf=0, minf=9
  IO depths    : 1=100.0%, 2=0.0%, 4=0.0%, 8=0.0%, 16=0.0%, 32=0.0%, >=64=0.0%
     submit    : 0=0.0%, 4=100.0%, 8=0.0%, 16=0.0%, 32=0.0%, 64=0.0%, >=64=0.0%
     complete  : 0=0.0%, 4=100.0%, 8=0.0%, 16=0.0%, 32=0.0%, 64=0.0%, >=64=0.0%
     issued    : total=r=0/w=586963/d=0, short=r=0/w=0/d=0, drop=r=0/w=0/d=0
     latency   : target=0, window=0, percentile=100.00%, depth=1

Run status group 0 (all jobs):
  WRITE: io=18343MB, aggrb=313041KB/s, minb=313041KB/s, maxb=313041KB/s, mint=60001msec, maxt=60001msec

Disk stats (read/write):
  sdb: ios=0/586353, merge=0/11, ticks=0/48804, in_queue=48608, util=81.01%
