fioccpe: (g=0): rw=randwrite, bs=32K-32K/32K-32K/32K-32K, ioengine=sync, iodepth=1
fio-2.2.10
Starting 1 process

fioccpe: (groupid=0, jobs=1): err= 0: pid=22087: Tue Sep  5 13:43:59 2017
  write: io=18377MB, bw=313631KB/s, iops=9800, runt= 60001msec
    clat (usec): min=61, max=19803, avg=98.44, stdev=129.06
     lat (usec): min=61, max=19804, avg=99.25, stdev=129.07
    clat percentiles (usec):
     |  1.00th=[   67],  5.00th=[   70], 10.00th=[   73], 20.00th=[   77],
     | 30.00th=[   81], 40.00th=[   85], 50.00th=[   88], 60.00th=[   90],
     | 70.00th=[   93], 80.00th=[   97], 90.00th=[  107], 95.00th=[  121],
     | 99.00th=[  644], 99.50th=[  652], 99.90th=[  660], 99.95th=[  668],
     | 99.99th=[ 2992]
    bw (KB  /s): min=295488, max=367168, per=100.00%, avg=313750.05, stdev=9255.16
    lat (usec) : 100=84.15%, 250=14.05%, 500=0.34%, 750=1.43%, 1000=0.01%
    lat (msec) : 2=0.01%, 4=0.01%, 10=0.01%, 20=0.01%
  cpu          : usr=4.70%, sys=13.05%, ctx=588080, majf=0, minf=9
  IO depths    : 1=100.0%, 2=0.0%, 4=0.0%, 8=0.0%, 16=0.0%, 32=0.0%, >=64=0.0%
     submit    : 0=0.0%, 4=100.0%, 8=0.0%, 16=0.0%, 32=0.0%, 64=0.0%, >=64=0.0%
     complete  : 0=0.0%, 4=100.0%, 8=0.0%, 16=0.0%, 32=0.0%, 64=0.0%, >=64=0.0%
     issued    : total=r=0/w=588067/d=0, short=r=0/w=0/d=0, drop=r=0/w=0/d=0
     latency   : target=0, window=0, percentile=100.00%, depth=1

Run status group 0 (all jobs):
  WRITE: io=18377MB, aggrb=313630KB/s, minb=313630KB/s, maxb=313630KB/s, mint=60001msec, maxt=60001msec

Disk stats (read/write):
  sdb: ios=0/587457, merge=0/11, ticks=0/49032, in_queue=48872, util=81.45%
