fioccpe: (g=0): rw=randwrite, bs=32K-32K/32K-32K/32K-32K, ioengine=sync, iodepth=1
fio-2.2.10
Starting 1 process

fioccpe: (groupid=0, jobs=1): err= 0: pid=19550: Tue Sep  5 13:23:03 2017
  write: io=20480MB, bw=586550KB/s, iops=18329, runt= 35754msec
    clat (usec): min=13, max=419016, avg=49.34, stdev=858.95
     lat (usec): min=14, max=419016, avg=49.70, stdev=858.95
    clat percentiles (usec):
     |  1.00th=[   18],  5.00th=[   19], 10.00th=[   19], 20.00th=[   20],
     | 30.00th=[   20], 40.00th=[   21], 50.00th=[   22], 60.00th=[   23],
     | 70.00th=[   24], 80.00th=[   25], 90.00th=[   29], 95.00th=[   35],
     | 99.00th=[   47], 99.50th=[   55], 99.90th=[ 8384], 99.95th=[ 8768],
     | 99.99th=[ 8896]
    bw (KB  /s): min=   13, max=1483520, per=100.00%, avg=628094.94, stdev=448241.28
    lat (usec) : 20=18.62%, 50=80.66%, 100=0.34%, 250=0.01%
    lat (msec) : 10=0.37%, 20=0.01%, 50=0.01%, 100=0.01%, 250=0.01%
    lat (msec) : 500=0.01%
  cpu          : usr=2.85%, sys=49.35%, ctx=2755, majf=0, minf=10
  IO depths    : 1=100.0%, 2=0.0%, 4=0.0%, 8=0.0%, 16=0.0%, 32=0.0%, >=64=0.0%
     submit    : 0=0.0%, 4=100.0%, 8=0.0%, 16=0.0%, 32=0.0%, 64=0.0%, >=64=0.0%
     complete  : 0=0.0%, 4=100.0%, 8=0.0%, 16=0.0%, 32=0.0%, 64=0.0%, >=64=0.0%
     issued    : total=r=0/w=655360/d=0, short=r=0/w=0/d=0, drop=r=0/w=0/d=0
     latency   : target=0, window=0, percentile=100.00%, depth=1

Run status group 0 (all jobs):
  WRITE: io=20480MB, aggrb=586550KB/s, minb=586550KB/s, maxb=586550KB/s, mint=35754msec, maxt=35754msec

Disk stats (read/write):
  sdb: ios=0/84872, merge=0/22, ticks=0/4092108, in_queue=4098020, util=80.85%
