fioccpe: (g=0): rw=randwrite, bs=32K-32K/32K-32K/32K-32K, ioengine=sync, iodepth=1
fio-2.2.10
Starting 1 process

fioccpe: (groupid=0, jobs=1): err= 0: pid=22700: Tue Sep  5 13:47:45 2017
  write: io=20480MB, bw=585649KB/s, iops=18301, runt= 35809msec
    clat (usec): min=12, max=530880, avg=49.45, stdev=1082.11
     lat (usec): min=12, max=530881, avg=49.80, stdev=1082.11
    clat percentiles (usec):
     |  1.00th=[   18],  5.00th=[   19], 10.00th=[   19], 20.00th=[   20],
     | 30.00th=[   21], 40.00th=[   22], 50.00th=[   22], 60.00th=[   23],
     | 70.00th=[   23], 80.00th=[   24], 90.00th=[   26], 95.00th=[   28],
     | 99.00th=[   35], 99.50th=[   41], 99.90th=[ 8640], 99.95th=[ 8768],
     | 99.99th=[ 8768]
    bw (KB  /s): min=   13, max=1488896, per=100.00%, avg=633898.47, stdev=456359.05
    lat (usec) : 20=12.44%, 50=87.18%, 100=0.02%, 250=0.01%
    lat (msec) : 10=0.36%, 20=0.01%, 50=0.01%, 100=0.01%, 250=0.01%
    lat (msec) : 500=0.01%, 750=0.01%
  cpu          : usr=2.65%, sys=48.30%, ctx=2596, majf=0, minf=11
  IO depths    : 1=100.0%, 2=0.0%, 4=0.0%, 8=0.0%, 16=0.0%, 32=0.0%, >=64=0.0%
     submit    : 0=0.0%, 4=100.0%, 8=0.0%, 16=0.0%, 32=0.0%, 64=0.0%, >=64=0.0%
     complete  : 0=0.0%, 4=100.0%, 8=0.0%, 16=0.0%, 32=0.0%, 64=0.0%, >=64=0.0%
     issued    : total=r=0/w=655360/d=0, short=r=0/w=0/d=0, drop=r=0/w=0/d=0
     latency   : target=0, window=0, percentile=100.00%, depth=1

Run status group 0 (all jobs):
  WRITE: io=20480MB, aggrb=585649KB/s, minb=585649KB/s, maxb=585649KB/s, mint=35809msec, maxt=35809msec

Disk stats (read/write):
  sdb: ios=0/84817, merge=0/25, ticks=0/4091696, in_queue=4099996, util=80.75%
