fioccpe: (g=0): rw=read, bs=32K-32K/32K-32K/32K-32K, ioengine=sync, iodepth=1
fio-2.2.10
Starting 1 process

fioccpe: (groupid=0, jobs=1): err= 0: pid=21950: Tue Sep  5 13:42:39 2017
  read : io=20480MB, bw=427580KB/s, iops=13361, runt= 49047msec
    clat (usec): min=52, max=23802, avg=72.70, stdev=83.22
     lat (usec): min=52, max=23802, avg=72.96, stdev=83.22
    clat percentiles (usec):
     |  1.00th=[   55],  5.00th=[   62], 10.00th=[   65], 20.00th=[   69],
     | 30.00th=[   71], 40.00th=[   73], 50.00th=[   74], 60.00th=[   74],
     | 70.00th=[   75], 80.00th=[   76], 90.00th=[   77], 95.00th=[   78],
     | 99.00th=[   80], 99.50th=[   81], 99.90th=[   92], 99.95th=[  103],
     | 99.99th=[  211]
    bw (KB  /s): min=388352, max=489920, per=100.00%, avg=427634.29, stdev=19172.42
    lat (usec) : 100=99.94%, 250=0.05%, 500=0.01%, 1000=0.01%
    lat (msec) : 2=0.01%, 10=0.01%, 20=0.01%, 50=0.01%
  cpu          : usr=4.62%, sys=20.00%, ctx=655366, majf=0, minf=18
  IO depths    : 1=100.0%, 2=0.0%, 4=0.0%, 8=0.0%, 16=0.0%, 32=0.0%, >=64=0.0%
     submit    : 0=0.0%, 4=100.0%, 8=0.0%, 16=0.0%, 32=0.0%, 64=0.0%, >=64=0.0%
     complete  : 0=0.0%, 4=100.0%, 8=0.0%, 16=0.0%, 32=0.0%, 64=0.0%, >=64=0.0%
     issued    : total=r=655360/w=0/d=0, short=r=0/w=0/d=0, drop=r=0/w=0/d=0
     latency   : target=0, window=0, percentile=100.00%, depth=1

Run status group 0 (all jobs):
   READ: io=20480MB, aggrb=427580KB/s, minb=427580KB/s, maxb=427580KB/s, mint=49047msec, maxt=49047msec

Disk stats (read/write):
  sdb: ios=653711/3, merge=0/1, ticks=39964/0, in_queue=39792, util=81.21%
