fioccpe: (g=0): rw=read, bs=32K-32K/32K-32K/32K-32K, ioengine=sync, iodepth=1
fio-2.2.10
Starting 1 process

fioccpe: (groupid=0, jobs=1): err= 0: pid=18912: Tue Sep  5 13:17:56 2017
  read : io=20480MB, bw=425671KB/s, iops=13302, runt= 49267msec
    clat (usec): min=53, max=18276, avg=73.00, stdev=92.75
     lat (usec): min=53, max=18276, avg=73.24, stdev=92.75
    clat percentiles (usec):
     |  1.00th=[   56],  5.00th=[   62], 10.00th=[   65], 20.00th=[   69],
     | 30.00th=[   71], 40.00th=[   73], 50.00th=[   74], 60.00th=[   75],
     | 70.00th=[   75], 80.00th=[   77], 90.00th=[   77], 95.00th=[   78],
     | 99.00th=[   80], 99.50th=[   81], 99.90th=[   93], 99.95th=[  107],
     | 99.99th=[  237]
    bw (KB  /s): min=394048, max=473600, per=100.00%, avg=425931.91, stdev=17385.65
    lat (usec) : 100=99.94%, 250=0.05%, 500=0.01%, 750=0.01%, 1000=0.01%
    lat (msec) : 2=0.01%, 4=0.01%, 10=0.01%, 20=0.01%
  cpu          : usr=4.38%, sys=20.22%, ctx=655366, majf=0, minf=18
  IO depths    : 1=100.0%, 2=0.0%, 4=0.0%, 8=0.0%, 16=0.0%, 32=0.0%, >=64=0.0%
     submit    : 0=0.0%, 4=100.0%, 8=0.0%, 16=0.0%, 32=0.0%, 64=0.0%, >=64=0.0%
     complete  : 0=0.0%, 4=100.0%, 8=0.0%, 16=0.0%, 32=0.0%, 64=0.0%, >=64=0.0%
     issued    : total=r=655360/w=0/d=0, short=r=0/w=0/d=0, drop=r=0/w=0/d=0
     latency   : target=0, window=0, percentile=100.00%, depth=1

Run status group 0 (all jobs):
   READ: io=20480MB, aggrb=425670KB/s, minb=425670KB/s, maxb=425670KB/s, mint=49267msec, maxt=49267msec

Disk stats (read/write):
  sdb: ios=654166/3, merge=0/1, ticks=40584/0, in_queue=40472, util=82.18%
