fioccpe: (g=0): rw=read, bs=32K-32K/32K-32K/32K-32K, ioengine=sync, iodepth=1
fio-2.2.10
Starting 1 process

fioccpe: (groupid=0, jobs=1): err= 0: pid=19930: Tue Sep  5 13:26:10 2017
  read : io=20480MB, bw=405270KB/s, iops=12664, runt= 51747msec
    clat (usec): min=61, max=18172, avg=76.96, stdev=67.42
     lat (usec): min=61, max=18173, avg=77.19, stdev=67.43
    clat percentiles (usec):
     |  1.00th=[   66],  5.00th=[   68], 10.00th=[   70], 20.00th=[   73],
     | 30.00th=[   74], 40.00th=[   76], 50.00th=[   77], 60.00th=[   78],
     | 70.00th=[   79], 80.00th=[   80], 90.00th=[   82], 95.00th=[   83],
     | 99.00th=[   85], 99.50th=[   86], 99.90th=[   97], 99.95th=[  109],
     | 99.99th=[  231]
    bw (KB  /s): min=378496, max=451840, per=100.00%, avg=405312.88, stdev=15890.63
    lat (usec) : 100=99.93%, 250=0.07%, 500=0.01%, 750=0.01%, 1000=0.01%
    lat (msec) : 2=0.01%, 4=0.01%, 10=0.01%, 20=0.01%
  cpu          : usr=3.93%, sys=19.40%, ctx=655376, majf=0, minf=18
  IO depths    : 1=100.0%, 2=0.0%, 4=0.0%, 8=0.0%, 16=0.0%, 32=0.0%, >=64=0.0%
     submit    : 0=0.0%, 4=100.0%, 8=0.0%, 16=0.0%, 32=0.0%, 64=0.0%, >=64=0.0%
     complete  : 0=0.0%, 4=100.0%, 8=0.0%, 16=0.0%, 32=0.0%, 64=0.0%, >=64=0.0%
     issued    : total=r=655360/w=0/d=0, short=r=0/w=0/d=0, drop=r=0/w=0/d=0
     latency   : target=0, window=0, percentile=100.00%, depth=1

Run status group 0 (all jobs):
   READ: io=20480MB, aggrb=405270KB/s, minb=405270KB/s, maxb=405270KB/s, mint=51747msec, maxt=51747msec

Disk stats (read/write):
  sdb: ios=654500/3, merge=0/1, ticks=42260/0, in_queue=42112, util=81.38%
