fioccpe: (g=0): rw=read, bs=32K-32K/32K-32K/32K-32K, ioengine=sync, iodepth=1
fio-2.2.10
Starting 1 process

fioccpe: (groupid=0, jobs=1): err= 0: pid=21303: Tue Sep  5 13:37:27 2017
  read : io=20480MB, bw=406189KB/s, iops=12693, runt= 51630msec
    clat (usec): min=59, max=19996, avg=76.86, stdev=81.23
     lat (usec): min=59, max=19996, avg=77.08, stdev=81.23
    clat percentiles (usec):
     |  1.00th=[   66],  5.00th=[   68], 10.00th=[   69], 20.00th=[   73],
     | 30.00th=[   74], 40.00th=[   75], 50.00th=[   77], 60.00th=[   78],
     | 70.00th=[   79], 80.00th=[   80], 90.00th=[   82], 95.00th=[   83],
     | 99.00th=[   85], 99.50th=[   87], 99.90th=[   97], 99.95th=[  104],
     | 99.99th=[  231]
    bw (KB  /s): min=374656, max=448896, per=100.00%, avg=406173.42, stdev=17468.66
    lat (usec) : 100=99.94%, 250=0.06%, 500=0.01%, 750=0.01%, 1000=0.01%
    lat (msec) : 2=0.01%, 4=0.01%, 10=0.01%, 20=0.01%
  cpu          : usr=3.67%, sys=19.51%, ctx=655374, majf=0, minf=18
  IO depths    : 1=100.0%, 2=0.0%, 4=0.0%, 8=0.0%, 16=0.0%, 32=0.0%, >=64=0.0%
     submit    : 0=0.0%, 4=100.0%, 8=0.0%, 16=0.0%, 32=0.0%, 64=0.0%, >=64=0.0%
     complete  : 0=0.0%, 4=100.0%, 8=0.0%, 16=0.0%, 32=0.0%, 64=0.0%, >=64=0.0%
     issued    : total=r=655360/w=0/d=0, short=r=0/w=0/d=0, drop=r=0/w=0/d=0
     latency   : target=0, window=0, percentile=100.00%, depth=1

Run status group 0 (all jobs):
   READ: io=20480MB, aggrb=406188KB/s, minb=406188KB/s, maxb=406188KB/s, mint=51630msec, maxt=51630msec

Disk stats (read/write):
  sdb: ios=652703/3, merge=0/1, ticks=41704/0, in_queue=41532, util=80.65%
