fioccpe: (g=0): rw=write, bs=32K-32K/32K-32K/32K-32K, ioengine=sync, iodepth=1
fio-2.2.10
Starting 1 process

fioccpe: (groupid=0, jobs=1): err= 0: pid=18680: Tue Sep  5 13:16:47 2017
  write: io=19162MB, bw=327030KB/s, iops=10219, runt= 60001msec
    clat (usec): min=58, max=19404, avg=95.02, stdev=113.90
     lat (usec): min=59, max=19404, avg=95.83, stdev=113.90
    clat percentiles (usec):
     |  1.00th=[   64],  5.00th=[   68], 10.00th=[   71], 20.00th=[   77],
     | 30.00th=[   82], 40.00th=[   87], 50.00th=[   92], 60.00th=[   97],
     | 70.00th=[  101], 80.00th=[  105], 90.00th=[  109], 95.00th=[  113],
     | 99.00th=[  131], 99.50th=[  282], 99.90th=[  796], 99.95th=[ 1256],
     | 99.99th=[ 3760]
    bw (KB  /s): min=311616, max=431232, per=100.00%, avg=327081.93, stdev=11688.58
    lat (usec) : 100=66.51%, 250=32.93%, 500=0.34%, 750=0.12%, 1000=0.04%
    lat (msec) : 2=0.04%, 4=0.02%, 10=0.01%, 20=0.01%
  cpu          : usr=4.25%, sys=13.28%, ctx=613202, majf=0, minf=10
  IO depths    : 1=100.0%, 2=0.0%, 4=0.0%, 8=0.0%, 16=0.0%, 32=0.0%, >=64=0.0%
     submit    : 0=0.0%, 4=100.0%, 8=0.0%, 16=0.0%, 32=0.0%, 64=0.0%, >=64=0.0%
     complete  : 0=0.0%, 4=100.0%, 8=0.0%, 16=0.0%, 32=0.0%, 64=0.0%, >=64=0.0%
     issued    : total=r=0/w=613191/d=0, short=r=0/w=0/d=0, drop=r=0/w=0/d=0
     latency   : target=0, window=0, percentile=100.00%, depth=1

Run status group 0 (all jobs):
  WRITE: io=19162MB, aggrb=327029KB/s, minb=327029KB/s, maxb=327029KB/s, mint=60001msec, maxt=60001msec

Disk stats (read/write):
  sdb: ios=1/612478, merge=0/11, ticks=0/48900, in_queue=48676, util=81.13%
