fioccpe: (g=0): rw=write, bs=32K-32K/32K-32K/32K-32K, ioengine=sync, iodepth=1
fio-2.2.10
Starting 1 process

fioccpe: (groupid=0, jobs=1): err= 0: pid=20431: Tue Sep  5 13:29:46 2017
  write: io=20480MB, bw=625959KB/s, iops=19561, runt= 33503msec
    clat (usec): min=16, max=158481, avg=50.01, stdev=604.88
     lat (usec): min=16, max=158482, avg=50.35, stdev=604.89
    clat percentiles (usec):
     |  1.00th=[   17],  5.00th=[   18], 10.00th=[   18], 20.00th=[   19],
     | 30.00th=[   19], 40.00th=[   20], 50.00th=[   21], 60.00th=[   21],
     | 70.00th=[   22], 80.00th=[   23], 90.00th=[   27], 95.00th=[   35],
     | 99.00th=[   47], 99.50th=[   56], 99.90th=[ 8896], 99.95th=[ 8896],
     | 99.99th=[ 9024]
    bw (KB  /s): min=249731, max=1529024, per=100.00%, avg=629207.15, stdev=456376.40
    lat (usec) : 20=30.26%, 50=68.97%, 100=0.38%, 250=0.01%, 500=0.01%
    lat (msec) : 10=0.38%, 20=0.01%, 50=0.01%, 100=0.01%, 250=0.01%
  cpu          : usr=2.87%, sys=42.84%, ctx=2532, majf=0, minf=12
  IO depths    : 1=100.0%, 2=0.0%, 4=0.0%, 8=0.0%, 16=0.0%, 32=0.0%, >=64=0.0%
     submit    : 0=0.0%, 4=100.0%, 8=0.0%, 16=0.0%, 32=0.0%, 64=0.0%, >=64=0.0%
     complete  : 0=0.0%, 4=100.0%, 8=0.0%, 16=0.0%, 32=0.0%, 64=0.0%, >=64=0.0%
     issued    : total=r=0/w=655360/d=0, short=r=0/w=0/d=0, drop=r=0/w=0/d=0
     latency   : target=0, window=0, percentile=100.00%, depth=1

Run status group 0 (all jobs):
  WRITE: io=20480MB, aggrb=625959KB/s, minb=625959KB/s, maxb=625959KB/s, mint=33503msec, maxt=33503msec

Disk stats (read/write):
  sdb: ios=0/37863, merge=0/6, ticks=0/4109640, in_queue=4117940, util=86.49%
