fioccpe: (g=0): rw=write, bs=32K-32K/32K-32K/32K-32K, ioengine=sync, iodepth=1
fio-2.2.10
Starting 1 process

fioccpe: (groupid=0, jobs=1): err= 0: pid=21166: Tue Sep  5 13:36:15 2017
  write: io=18127MB, bw=309364KB/s, iops=9667, runt= 60001msec
    clat (usec): min=49, max=18666, avg=94.94, stdev=133.50
     lat (usec): min=50, max=18667, avg=95.68, stdev=133.50
    clat percentiles (usec):
     |  1.00th=[   57],  5.00th=[   61], 10.00th=[   64], 20.00th=[   70],
     | 30.00th=[   76], 40.00th=[   80], 50.00th=[   85], 60.00th=[   90],
     | 70.00th=[   95], 80.00th=[   99], 90.00th=[  104], 95.00th=[  108],
     | 99.00th=[  414], 99.50th=[  620], 99.90th=[ 1400], 99.95th=[ 2448],
     | 99.99th=[ 4576]
    bw (KB  /s): min=    9, max=456064, per=100.00%, avg=325526.04, stdev=34280.59
    lat (usec) : 50=0.01%, 100=80.38%, 250=17.86%, 500=1.01%, 750=0.40%
    lat (usec) : 1000=0.16%
    lat (msec) : 2=0.12%, 4=0.05%, 10=0.01%, 20=0.01%
  cpu          : usr=3.25%, sys=16.96%, ctx=580179, majf=0, minf=11
  IO depths    : 1=100.0%, 2=0.0%, 4=0.0%, 8=0.0%, 16=0.0%, 32=0.0%, >=64=0.0%
     submit    : 0=0.0%, 4=100.0%, 8=0.0%, 16=0.0%, 32=0.0%, 64=0.0%, >=64=0.0%
     complete  : 0=0.0%, 4=100.0%, 8=0.0%, 16=0.0%, 32=0.0%, 64=0.0%, >=64=0.0%
     issued    : total=r=0/w=580067/d=0, short=r=0/w=0/d=0, drop=r=0/w=0/d=0
     latency   : target=0, window=0, percentile=100.00%, depth=1

Run status group 0 (all jobs):
  WRITE: io=18127MB, aggrb=309363KB/s, minb=309363KB/s, maxb=309363KB/s, mint=60001msec, maxt=60001msec

Disk stats (read/write):
  sdb: ios=0/579265, merge=0/11, ticks=0/47948, in_queue=47824, util=79.71%
