fioccpe: (g=0): rw=write, bs=32K-32K/32K-32K/32K-32K, ioengine=sync, iodepth=1
fio-2.2.10
Starting 1 process

fioccpe: (groupid=0, jobs=1): err= 0: pid=19321: Tue Sep  5 13:21:32 2017
  write: io=20480MB, bw=625642KB/s, iops=19551, runt= 33520msec
    clat (usec): min=15, max=535987, avg=50.04, stdev=1077.21
     lat (usec): min=16, max=535988, avg=50.38, stdev=1077.21
    clat percentiles (usec):
     |  1.00th=[   17],  5.00th=[   18], 10.00th=[   18], 20.00th=[   19],
     | 30.00th=[   19], 40.00th=[   20], 50.00th=[   21], 60.00th=[   21],
     | 70.00th=[   22], 80.00th=[   24], 90.00th=[   29], 95.00th=[   36],
     | 99.00th=[   44], 99.50th=[   52], 99.90th=[ 9024], 99.95th=[10944],
     | 99.99th=[13504]
    bw (KB  /s): min=153523, max=1603584, per=100.00%, avg=640540.98, stdev=456774.15
    lat (usec) : 20=30.98%, 50=68.41%, 100=0.30%, 250=0.01%
    lat (msec) : 10=0.24%, 20=0.06%, 50=0.01%, 250=0.01%, 500=0.01%
    lat (msec) : 750=0.01%
  cpu          : usr=2.64%, sys=43.27%, ctx=2039, majf=0, minf=11
  IO depths    : 1=100.0%, 2=0.0%, 4=0.0%, 8=0.0%, 16=0.0%, 32=0.0%, >=64=0.0%
     submit    : 0=0.0%, 4=100.0%, 8=0.0%, 16=0.0%, 32=0.0%, 64=0.0%, >=64=0.0%
     complete  : 0=0.0%, 4=100.0%, 8=0.0%, 16=0.0%, 32=0.0%, 64=0.0%, >=64=0.0%
     issued    : total=r=0/w=655360/d=0, short=r=0/w=0/d=0, drop=r=0/w=0/d=0
     latency   : target=0, window=0, percentile=100.00%, depth=1

Run status group 0 (all jobs):
  WRITE: io=20480MB, aggrb=625642KB/s, minb=625642KB/s, maxb=625642KB/s, mint=33520msec, maxt=33520msec

Disk stats (read/write):
  sdb: ios=0/37846, merge=0/6, ticks=0/4102888, in_queue=4110436, util=86.58%
