fioccpe: (g=0): rw=write, bs=32K-32K/32K-32K/32K-32K, ioengine=sync, iodepth=1
fio-2.2.10
Starting 1 process

fioccpe: (groupid=0, jobs=1): err= 0: pid=20799: Tue Sep  5 13:32:49 2017
  write: io=20480MB, bw=573133KB/s, iops=17910, runt= 36591msec
    clat (usec): min=15, max=381997, avg=49.51, stdev=744.32
     lat (usec): min=16, max=381997, avg=49.84, stdev=744.33
    clat percentiles (usec):
     |  1.00th=[   17],  5.00th=[   17], 10.00th=[   18], 20.00th=[   18],
     | 30.00th=[   19], 40.00th=[   19], 50.00th=[   20], 60.00th=[   21],
     | 70.00th=[   21], 80.00th=[   22], 90.00th=[   25], 95.00th=[   29],
     | 99.00th=[   41], 99.50th=[   55], 99.90th=[ 9024], 99.95th=[ 9024],
     | 99.99th=[ 9024]
    bw (KB  /s): min=    9, max=1593344, per=100.00%, avg=623955.71, stdev=478357.75
    lat (usec) : 20=40.19%, 50=59.26%, 100=0.16%, 250=0.02%, 500=0.01%
    lat (msec) : 2=0.01%, 10=0.38%, 20=0.01%, 50=0.01%, 250=0.01%
    lat (msec) : 500=0.01%
  cpu          : usr=1.90%, sys=47.38%, ctx=2604, majf=0, minf=13
  IO depths    : 1=100.0%, 2=0.0%, 4=0.0%, 8=0.0%, 16=0.0%, 32=0.0%, >=64=0.0%
     submit    : 0=0.0%, 4=100.0%, 8=0.0%, 16=0.0%, 32=0.0%, 64=0.0%, >=64=0.0%
     complete  : 0=0.0%, 4=100.0%, 8=0.0%, 16=0.0%, 32=0.0%, 64=0.0%, >=64=0.0%
     issued    : total=r=0/w=655360/d=0, short=r=0/w=0/d=0, drop=r=0/w=0/d=0
     latency   : target=0, window=0, percentile=100.00%, depth=1

Run status group 0 (all jobs):
  WRITE: io=20480MB, aggrb=573133KB/s, minb=573133KB/s, maxb=573133KB/s, mint=36591msec, maxt=36591msec

Disk stats (read/write):
  sdb: ios=0/37757, merge=0/6, ticks=0/4081572, in_queue=4089488, util=79.10%
