fioccpe: (g=0): rw=randwrite, bs=32K-32K/32K-32K/32K-32K, ioengine=sync, iodepth=1
fio-2.2.10
Starting 1 process

fioccpe: (groupid=0, jobs=1): err= 0: pid=34355: Sat Sep  2 23:00:55 2017
  write: io=20480MB, bw=548562KB/s, iops=17142, runt= 38230msec
    clat (usec): min=18, max=483768, avg=52.55, stdev=852.25
     lat (usec): min=19, max=483769, avg=52.94, stdev=852.25
    clat percentiles (usec):
     |  1.00th=[   20],  5.00th=[   21], 10.00th=[   21], 20.00th=[   22],
     | 30.00th=[   22], 40.00th=[   23], 50.00th=[   23], 60.00th=[   24],
     | 70.00th=[   25], 80.00th=[   26], 90.00th=[   28], 95.00th=[   32],
     | 99.00th=[   41], 99.50th=[   53], 99.90th=[ 8640], 99.95th=[ 8768],
     | 99.99th=[ 8768]
    bw (KB  /s): min=   12, max=1257920, per=100.00%, avg=593707.43, stdev=388760.72
    lat (usec) : 20=0.07%, 50=99.35%, 100=0.16%, 250=0.02%
    lat (msec) : 2=0.01%, 10=0.40%, 20=0.01%, 50=0.01%, 100=0.01%
    lat (msec) : 250=0.01%, 500=0.01%
  cpu          : usr=3.10%, sys=48.66%, ctx=2916, majf=0, minf=10
  IO depths    : 1=100.0%, 2=0.0%, 4=0.0%, 8=0.0%, 16=0.0%, 32=0.0%, >=64=0.0%
     submit    : 0=0.0%, 4=100.0%, 8=0.0%, 16=0.0%, 32=0.0%, 64=0.0%, >=64=0.0%
     complete  : 0=0.0%, 4=100.0%, 8=0.0%, 16=0.0%, 32=0.0%, 64=0.0%, >=64=0.0%
     issued    : total=r=0/w=655360/d=0, short=r=0/w=0/d=0, drop=r=0/w=0/d=0
     latency   : target=0, window=0, percentile=100.00%, depth=1

Run status group 0 (all jobs):
  WRITE: io=20480MB, aggrb=548561KB/s, minb=548561KB/s, maxb=548561KB/s, mint=38230msec, maxt=38230msec

Disk stats (read/write):
  sdb: ios=0/89962, merge=0/16, ticks=0/4332764, in_queue=4339892, util=79.58%
