fioccpe: (g=0): rw=randwrite, bs=32K-32K/32K-32K/32K-32K, ioengine=sync, iodepth=1
fio-2.2.10
Starting 1 process

fioccpe: (groupid=0, jobs=1): err= 0: pid=35369: Sat Sep  2 23:09:05 2017
  write: io=20480MB, bw=551302KB/s, iops=17228, runt= 38040msec
    clat (usec): min=14, max=285515, avg=52.26, stdev=625.78
     lat (usec): min=15, max=285516, avg=52.66, stdev=625.78
    clat percentiles (usec):
     |  1.00th=[   20],  5.00th=[   20], 10.00th=[   21], 20.00th=[   21],
     | 30.00th=[   22], 40.00th=[   22], 50.00th=[   23], 60.00th=[   23],
     | 70.00th=[   24], 80.00th=[   25], 90.00th=[   28], 95.00th=[   32],
     | 99.00th=[   39], 99.50th=[   47], 99.90th=[ 8640], 99.95th=[ 8896],
     | 99.99th=[ 8896]
    bw (KB  /s): min=   12, max=1298752, per=100.00%, avg=591146.33, stdev=398324.36
    lat (usec) : 20=0.36%, 50=99.20%, 100=0.04%
    lat (msec) : 2=0.01%, 10=0.41%, 20=0.01%, 50=0.01%, 100=0.01%
    lat (msec) : 250=0.01%, 500=0.01%
  cpu          : usr=2.46%, sys=48.56%, ctx=3057, majf=0, minf=11
  IO depths    : 1=100.0%, 2=0.0%, 4=0.0%, 8=0.0%, 16=0.0%, 32=0.0%, >=64=0.0%
     submit    : 0=0.0%, 4=100.0%, 8=0.0%, 16=0.0%, 32=0.0%, 64=0.0%, >=64=0.0%
     complete  : 0=0.0%, 4=100.0%, 8=0.0%, 16=0.0%, 32=0.0%, 64=0.0%, >=64=0.0%
     issued    : total=r=0/w=655360/d=0, short=r=0/w=0/d=0, drop=r=0/w=0/d=0
     latency   : target=0, window=0, percentile=100.00%, depth=1

Run status group 0 (all jobs):
  WRITE: io=20480MB, aggrb=551301KB/s, minb=551301KB/s, maxb=551301KB/s, mint=38040msec, maxt=38040msec

Disk stats (read/write):
  sdb: ios=0/89888, merge=0/17, ticks=0/4308816, in_queue=4316256, util=79.81%
