fioccpe: (g=0): rw=randwrite, bs=32K-32K/32K-32K/32K-32K, ioengine=sync, iodepth=1
fio-2.2.10
Starting 1 process

fioccpe: (groupid=0, jobs=1): err= 0: pid=37908: Sat Sep  2 23:29:52 2017
  write: io=19077MB, bw=325568KB/s, iops=10174, runt= 60001msec
    clat (usec): min=56, max=18733, avg=95.08, stdev=127.71
     lat (usec): min=57, max=18734, avg=95.75, stdev=127.71
    clat percentiles (usec):
     |  1.00th=[   60],  5.00th=[   61], 10.00th=[   63], 20.00th=[   67],
     | 30.00th=[   73], 40.00th=[   88], 50.00th=[   94], 60.00th=[   99],
     | 70.00th=[  105], 80.00th=[  113], 90.00th=[  122], 95.00th=[  125],
     | 99.00th=[  129], 99.50th=[  133], 99.90th=[  804], 99.95th=[ 1880],
     | 99.99th=[ 4768]
    bw (KB  /s): min=306816, max=383360, per=100.00%, avg=325605.65, stdev=8035.42
    lat (usec) : 100=60.85%, 250=38.88%, 500=0.12%, 750=0.05%, 1000=0.02%
    lat (msec) : 2=0.04%, 4=0.03%, 10=0.02%, 20=0.01%
  cpu          : usr=4.03%, sys=10.36%, ctx=610462, majf=0, minf=9
  IO depths    : 1=100.0%, 2=0.0%, 4=0.0%, 8=0.0%, 16=0.0%, 32=0.0%, >=64=0.0%
     submit    : 0=0.0%, 4=100.0%, 8=0.0%, 16=0.0%, 32=0.0%, 64=0.0%, >=64=0.0%
     complete  : 0=0.0%, 4=100.0%, 8=0.0%, 16=0.0%, 32=0.0%, 64=0.0%, >=64=0.0%
     issued    : total=r=0/w=610451/d=0, short=r=0/w=0/d=0, drop=r=0/w=0/d=0
     latency   : target=0, window=0, percentile=100.00%, depth=1

Run status group 0 (all jobs):
  WRITE: io=19077MB, aggrb=325568KB/s, minb=325568KB/s, maxb=325568KB/s, mint=60001msec, maxt=60001msec

Disk stats (read/write):
  sdb: ios=0/609608, merge=0/11, ticks=0/51232, in_queue=51060, util=85.10%
