fioccpe: (g=0): rw=randread, bs=32K-32K/32K-32K/32K-32K, ioengine=sync, iodepth=1
fio-2.2.10
Starting 1 process

fioccpe: (groupid=0, jobs=1): err= 0: pid=35001: Sat Sep  2 23:06:37 2017
  read : io=7625.9MB, bw=130146KB/s, iops=4067, runt= 60001msec
    clat (usec): min=189, max=18359, avg=242.87, stdev=136.73
     lat (usec): min=189, max=18359, avg=243.13, stdev=136.74
    clat percentiles (usec):
     |  1.00th=[  195],  5.00th=[  201], 10.00th=[  209], 20.00th=[  219],
     | 30.00th=[  235], 40.00th=[  241], 50.00th=[  243], 60.00th=[  247],
     | 70.00th=[  251], 80.00th=[  258], 90.00th=[  266], 95.00th=[  278],
     | 99.00th=[  298], 99.50th=[  302], 99.90th=[  318], 99.95th=[  330],
     | 99.99th=[ 3792]
    bw (KB  /s): min=116160, max=141120, per=100.00%, avg=130210.03, stdev=6726.15
    lat (usec) : 250=67.65%, 500=32.33%, 1000=0.01%
    lat (msec) : 2=0.01%, 4=0.01%, 10=0.01%, 20=0.01%
  cpu          : usr=1.98%, sys=9.21%, ctx=244032, majf=0, minf=16
  IO depths    : 1=100.0%, 2=0.0%, 4=0.0%, 8=0.0%, 16=0.0%, 32=0.0%, >=64=0.0%
     submit    : 0=0.0%, 4=100.0%, 8=0.0%, 16=0.0%, 32=0.0%, 64=0.0%, >=64=0.0%
     complete  : 0=0.0%, 4=100.0%, 8=0.0%, 16=0.0%, 32=0.0%, 64=0.0%, >=64=0.0%
     issued    : total=r=244027/w=0/d=0, short=r=0/w=0/d=0, drop=r=0/w=0/d=0
     latency   : target=0, window=0, percentile=100.00%, depth=1

Run status group 0 (all jobs):
   READ: io=7625.9MB, aggrb=130145KB/s, minb=130145KB/s, maxb=130145KB/s, mint=60001msec, maxt=60001msec

Disk stats (read/write):
  sdb: ios=243721/3, merge=0/1, ticks=55236/0, in_queue=55116, util=91.86%
