fioccpe: (g=0): rw=randwrite, bs=32K-32K/32K-32K/32K-32K, ioengine=sync, iodepth=1
fio-2.2.10
Starting 1 process

fioccpe: (groupid=0, jobs=1): err= 0: pid=34864: Sat Sep  2 23:05:17 2017
  write: io=18944MB, bw=323300KB/s, iops=10103, runt= 60001msec
    clat (usec): min=58, max=18628, avg=95.86, stdev=116.86
     lat (usec): min=58, max=18628, avg=96.51, stdev=116.86
    clat percentiles (usec):
     |  1.00th=[   64],  5.00th=[   66], 10.00th=[   67], 20.00th=[   71],
     | 30.00th=[   76], 40.00th=[   83], 50.00th=[   93], 60.00th=[  102],
     | 70.00th=[  107], 80.00th=[  111], 90.00th=[  123], 95.00th=[  129],
     | 99.00th=[  137], 99.50th=[  217], 99.90th=[  636], 99.95th=[  652],
     | 99.99th=[ 4192]
    bw (KB  /s): min=308352, max=382528, per=100.00%, avg=323398.99, stdev=7029.92
    lat (usec) : 100=56.75%, 250=42.82%, 500=0.28%, 750=0.12%, 1000=0.01%
    lat (msec) : 2=0.01%, 4=0.01%, 10=0.01%, 20=0.01%
  cpu          : usr=4.19%, sys=10.54%, ctx=606210, majf=0, minf=9
  IO depths    : 1=100.0%, 2=0.0%, 4=0.0%, 8=0.0%, 16=0.0%, 32=0.0%, >=64=0.0%
     submit    : 0=0.0%, 4=100.0%, 8=0.0%, 16=0.0%, 32=0.0%, 64=0.0%, >=64=0.0%
     complete  : 0=0.0%, 4=100.0%, 8=0.0%, 16=0.0%, 32=0.0%, 64=0.0%, >=64=0.0%
     issued    : total=r=0/w=606198/d=0, short=r=0/w=0/d=0, drop=r=0/w=0/d=0
     latency   : target=0, window=0, percentile=100.00%, depth=1

Run status group 0 (all jobs):
  WRITE: io=18944MB, aggrb=323300KB/s, minb=323300KB/s, maxb=323300KB/s, mint=60001msec, maxt=60001msec

Disk stats (read/write):
  sdb: ios=0/605380, merge=0/11, ticks=0/51188, in_queue=51056, util=85.09%
