fioccpe: (g=0): rw=randwrite, bs=32K-32K/32K-32K/32K-32K, ioengine=sync, iodepth=1
fio-2.2.10
Starting 1 process

fioccpe: (groupid=0, jobs=1): err= 0: pid=37406: Sat Sep  2 23:25:30 2017
  write: io=20480MB, bw=548031KB/s, iops=17125, runt= 38267msec
    clat (usec): min=18, max=471214, avg=52.59, stdev=869.57
     lat (usec): min=19, max=471215, avg=52.98, stdev=869.57
    clat percentiles (usec):
     |  1.00th=[   20],  5.00th=[   21], 10.00th=[   21], 20.00th=[   22],
     | 30.00th=[   22], 40.00th=[   23], 50.00th=[   23], 60.00th=[   24],
     | 70.00th=[   25], 80.00th=[   26], 90.00th=[   30], 95.00th=[   35],
     | 99.00th=[   45], 99.50th=[   55], 99.90th=[ 8512], 99.95th=[ 8640],
     | 99.99th=[ 8768]
    bw (KB  /s): min=   11, max=1257088, per=100.00%, avg=589618.27, stdev=386900.08
    lat (usec) : 20=0.07%, 50=99.22%, 100=0.31%, 250=0.01%, 500=0.01%
    lat (msec) : 4=0.01%, 10=0.40%, 20=0.01%, 50=0.01%, 100=0.01%
    lat (msec) : 250=0.01%, 500=0.01%
  cpu          : usr=2.87%, sys=49.37%, ctx=2812, majf=0, minf=10
  IO depths    : 1=100.0%, 2=0.0%, 4=0.0%, 8=0.0%, 16=0.0%, 32=0.0%, >=64=0.0%
     submit    : 0=0.0%, 4=100.0%, 8=0.0%, 16=0.0%, 32=0.0%, 64=0.0%, >=64=0.0%
     complete  : 0=0.0%, 4=100.0%, 8=0.0%, 16=0.0%, 32=0.0%, 64=0.0%, >=64=0.0%
     issued    : total=r=0/w=655360/d=0, short=r=0/w=0/d=0, drop=r=0/w=0/d=0
     latency   : target=0, window=0, percentile=100.00%, depth=1

Run status group 0 (all jobs):
  WRITE: io=20480MB, aggrb=548031KB/s, minb=548031KB/s, maxb=548031KB/s, mint=38267msec, maxt=38267msec

Disk stats (read/write):
  sdb: ios=0/90331, merge=0/19, ticks=0/4323064, in_queue=4330276, util=79.45%
