fioccpe: (g=0): rw=randread, bs=32K-32K/32K-32K/32K-32K, ioengine=sync, iodepth=1
fio-2.2.10
Starting 1 process

fioccpe: (groupid=0, jobs=1): err= 0: pid=36397: Sat Sep  2 23:17:53 2017
  read : io=7536.3MB, bw=128617KB/s, iops=4019, runt= 60001msec
    clat (usec): min=189, max=32234, avg=245.67, stdev=176.75
     lat (usec): min=189, max=32234, avg=245.92, stdev=176.76
    clat percentiles (usec):
     |  1.00th=[  195],  5.00th=[  201], 10.00th=[  209], 20.00th=[  227],
     | 30.00th=[  239], 40.00th=[  243], 50.00th=[  245], 60.00th=[  249],
     | 70.00th=[  253], 80.00th=[  258], 90.00th=[  274], 95.00th=[  286],
     | 99.00th=[  298], 99.50th=[  302], 99.90th=[  330], 99.95th=[  338],
     | 99.99th=[ 7392]
    bw (KB  /s): min=116224, max=141184, per=100.00%, avg=128641.10, stdev=6788.95
    lat (usec) : 250=63.06%, 500=36.92%, 1000=0.01%
    lat (msec) : 2=0.01%, 4=0.01%, 10=0.01%, 20=0.01%, 50=0.01%
  cpu          : usr=1.78%, sys=9.72%, ctx=241164, majf=0, minf=16
  IO depths    : 1=100.0%, 2=0.0%, 4=0.0%, 8=0.0%, 16=0.0%, 32=0.0%, >=64=0.0%
     submit    : 0=0.0%, 4=100.0%, 8=0.0%, 16=0.0%, 32=0.0%, 64=0.0%, >=64=0.0%
     complete  : 0=0.0%, 4=100.0%, 8=0.0%, 16=0.0%, 32=0.0%, 64=0.0%, >=64=0.0%
     issued    : total=r=241160/w=0/d=0, short=r=0/w=0/d=0, drop=r=0/w=0/d=0
     latency   : target=0, window=0, percentile=100.00%, depth=1

Run status group 0 (all jobs):
   READ: io=7536.3MB, aggrb=128616KB/s, minb=128616KB/s, maxb=128616KB/s, mint=60001msec, maxt=60001msec

Disk stats (read/write):
  sdb: ios=240854/3, merge=0/1, ticks=55856/0, in_queue=55712, util=92.86%
