fioccpe: (g=0): rw=randwrite, bs=32K-32K/32K-32K/32K-32K, ioengine=sync, iodepth=1
fio-2.2.10
Starting 1 process

fioccpe: (groupid=0, jobs=1): err= 0: pid=35758: Sat Sep  2 23:12:10 2017
  write: io=20480MB, bw=549439KB/s, iops=17169, runt= 38169msec
    clat (usec): min=15, max=413678, avg=52.43, stdev=737.01
     lat (usec): min=15, max=413679, avg=52.82, stdev=737.01
    clat percentiles (usec):
     |  1.00th=[   21],  5.00th=[   21], 10.00th=[   22], 20.00th=[   22],
     | 30.00th=[   23], 40.00th=[   23], 50.00th=[   24], 60.00th=[   24],
     | 70.00th=[   25], 80.00th=[   26], 90.00th=[   29], 95.00th=[   33],
     | 99.00th=[   42], 99.50th=[   53], 99.90th=[ 8640], 99.95th=[ 8768],
     | 99.99th=[ 8768]
    bw (KB  /s): min=   12, max=1233472, per=100.00%, avg=586206.56, stdev=385729.73
    lat (usec) : 20=0.02%, 50=99.39%, 100=0.19%, 250=0.01%
    lat (msec) : 4=0.01%, 10=0.39%, 20=0.01%, 50=0.01%, 100=0.01%
    lat (msec) : 250=0.01%, 500=0.01%
  cpu          : usr=2.84%, sys=49.62%, ctx=2716, majf=0, minf=10
  IO depths    : 1=100.0%, 2=0.0%, 4=0.0%, 8=0.0%, 16=0.0%, 32=0.0%, >=64=0.0%
     submit    : 0=0.0%, 4=100.0%, 8=0.0%, 16=0.0%, 32=0.0%, 64=0.0%, >=64=0.0%
     complete  : 0=0.0%, 4=100.0%, 8=0.0%, 16=0.0%, 32=0.0%, 64=0.0%, >=64=0.0%
     issued    : total=r=0/w=655360/d=0, short=r=0/w=0/d=0, drop=r=0/w=0/d=0
     latency   : target=0, window=0, percentile=100.00%, depth=1

Run status group 0 (all jobs):
  WRITE: io=20480MB, aggrb=549438KB/s, minb=549438KB/s, maxb=549438KB/s, mint=38169msec, maxt=38169msec

Disk stats (read/write):
  sdb: ios=0/90193, merge=0/25, ticks=0/4283880, in_queue=4292168, util=79.37%
