fioccpe: (g=0): rw=read, bs=32K-32K/32K-32K/32K-32K, ioengine=sync, iodepth=1
fio-2.2.10
Starting 1 process

fioccpe: (groupid=0, jobs=1): err= 0: pid=36766: Sat Sep  2 23:20:21 2017
  read : io=20480MB, bw=446754KB/s, iops=13961, runt= 46942msec
    clat (usec): min=57, max=18117, avg=70.04, stdev=87.19
     lat (usec): min=57, max=18118, avg=70.21, stdev=87.19
    clat percentiles (usec):
     |  1.00th=[   64],  5.00th=[   65], 10.00th=[   65], 20.00th=[   66],
     | 30.00th=[   66], 40.00th=[   67], 50.00th=[   70], 60.00th=[   72],
     | 70.00th=[   72], 80.00th=[   73], 90.00th=[   74], 95.00th=[   74],
     | 99.00th=[   75], 99.50th=[   76], 99.90th=[   81], 99.95th=[   88],
     | 99.99th=[  233]
    bw (KB  /s): min=431616, max=453440, per=100.00%, avg=446780.86, stdev=6114.21
    lat (usec) : 100=99.97%, 250=0.03%, 500=0.01%, 1000=0.01%
    lat (msec) : 2=0.01%, 4=0.01%, 10=0.01%, 20=0.01%
  cpu          : usr=4.04%, sys=15.73%, ctx=655371, majf=0, minf=18
  IO depths    : 1=100.0%, 2=0.0%, 4=0.0%, 8=0.0%, 16=0.0%, 32=0.0%, >=64=0.0%
     submit    : 0=0.0%, 4=100.0%, 8=0.0%, 16=0.0%, 32=0.0%, 64=0.0%, >=64=0.0%
     complete  : 0=0.0%, 4=100.0%, 8=0.0%, 16=0.0%, 32=0.0%, 64=0.0%, >=64=0.0%
     issued    : total=r=655360/w=0/d=0, short=r=0/w=0/d=0, drop=r=0/w=0/d=0
     latency   : target=0, window=0, percentile=100.00%, depth=1

Run status group 0 (all jobs):
   READ: io=20480MB, aggrb=446753KB/s, minb=446753KB/s, maxb=446753KB/s, mint=46942msec, maxt=46942msec

Disk stats (read/write):
  sdb: ios=654964/3, merge=0/1, ticks=38040/0, in_queue=37868, util=80.57%
