fioccpe: (g=0): rw=write, bs=32K-32K/32K-32K/32K-32K, ioengine=sync, iodepth=1
fio-2.2.10
Starting 1 process

fioccpe: (groupid=0, jobs=1): err= 0: pid=35139: Sat Sep  2 23:07:33 2017
  write: io=20480MB, bw=591247KB/s, iops=18476, runt= 35470msec
    clat (usec): min=13, max=410838, avg=52.86, stdev=775.67
     lat (usec): min=14, max=410839, avg=53.23, stdev=775.67
    clat percentiles (usec):
     |  1.00th=[   19],  5.00th=[   20], 10.00th=[   21], 20.00th=[   21],
     | 30.00th=[   22], 40.00th=[   22], 50.00th=[   22], 60.00th=[   23],
     | 70.00th=[   24], 80.00th=[   24], 90.00th=[   27], 95.00th=[   32],
     | 99.00th=[   38], 99.50th=[   47], 99.90th=[ 8896], 99.95th=[ 8896],
     | 99.99th=[ 9024]
    bw (KB  /s): min=234812, max=1334080, per=100.00%, avg=594134.03, stdev=396928.32
    lat (usec) : 20=1.14%, 50=98.42%, 100=0.03%
    lat (msec) : 10=0.40%, 20=0.01%, 50=0.01%, 100=0.01%, 250=0.01%
    lat (msec) : 500=0.01%
  cpu          : usr=2.76%, sys=42.96%, ctx=2675, majf=0, minf=12
  IO depths    : 1=100.0%, 2=0.0%, 4=0.0%, 8=0.0%, 16=0.0%, 32=0.0%, >=64=0.0%
     submit    : 0=0.0%, 4=100.0%, 8=0.0%, 16=0.0%, 32=0.0%, 64=0.0%, >=64=0.0%
     complete  : 0=0.0%, 4=100.0%, 8=0.0%, 16=0.0%, 32=0.0%, 64=0.0%, >=64=0.0%
     issued    : total=r=0/w=655360/d=0, short=r=0/w=0/d=0, drop=r=0/w=0/d=0
     latency   : target=0, window=0, percentile=100.00%, depth=1

Run status group 0 (all jobs):
  WRITE: io=20480MB, aggrb=591246KB/s, minb=591246KB/s, maxb=591246KB/s, mint=35470msec, maxt=35470msec

Disk stats (read/write):
  sdb: ios=0/39804, merge=0/6, ticks=0/4327616, in_queue=4335692, util=85.98%
