fioccpe: (g=0): rw=write, bs=32K-32K/32K-32K/32K-32K, ioengine=sync, iodepth=1
fio-2.2.10
Starting 1 process

fioccpe: (groupid=0, jobs=1): err= 0: pid=37635: Sat Sep  2 23:27:24 2017
  write: io=18046MB, bw=307980KB/s, iops=9624, runt= 60001msec
    clat (usec): min=54, max=19733, avg=94.97, stdev=140.83
     lat (usec): min=55, max=19734, avg=95.60, stdev=140.83
    clat percentiles (usec):
     |  1.00th=[   57],  5.00th=[   59], 10.00th=[   61], 20.00th=[   68],
     | 30.00th=[   73], 40.00th=[   78], 50.00th=[   82], 60.00th=[   87],
     | 70.00th=[   92], 80.00th=[   97], 90.00th=[  102], 95.00th=[  105],
     | 99.00th=[  490], 99.50th=[  684], 99.90th=[ 1400], 99.95th=[ 2544],
     | 99.99th=[ 4448]
    bw (KB  /s): min=    8, max=470848, per=100.00%, avg=326119.00, stdev=35252.95
    lat (usec) : 100=85.47%, 250=12.16%, 500=1.40%, 750=0.56%, 1000=0.21%
    lat (msec) : 2=0.13%, 4=0.05%, 10=0.01%, 20=0.01%
  cpu          : usr=3.09%, sys=15.66%, ctx=577524, majf=0, minf=11
  IO depths    : 1=100.0%, 2=0.0%, 4=0.0%, 8=0.0%, 16=0.0%, 32=0.0%, >=64=0.0%
     submit    : 0=0.0%, 4=100.0%, 8=0.0%, 16=0.0%, 32=0.0%, 64=0.0%, >=64=0.0%
     complete  : 0=0.0%, 4=100.0%, 8=0.0%, 16=0.0%, 32=0.0%, 64=0.0%, >=64=0.0%
     issued    : total=r=0/w=577472/d=0, short=r=0/w=0/d=0, drop=r=0/w=0/d=0
     latency   : target=0, window=0, percentile=100.00%, depth=1

Run status group 0 (all jobs):
  WRITE: io=18046MB, aggrb=307979KB/s, minb=307979KB/s, maxb=307979KB/s, mint=60001msec, maxt=60001msec

Disk stats (read/write):
  sdb: ios=0/576620, merge=0/11, ticks=0/48228, in_queue=48088, util=80.15%
