fioccpe: (g=0): rw=write, bs=32K-32K/32K-32K/32K-32K, ioengine=sync, iodepth=1
fio-2.2.10
Starting 1 process

fioccpe: (groupid=0, jobs=1): err= 0: pid=35987: Sat Sep  2 23:14:04 2017
  write: io=18002MB, bw=307225KB/s, iops=9600, runt= 60001msec
    clat (usec): min=54, max=22146, avg=94.96, stdev=147.72
     lat (usec): min=55, max=22147, avg=95.61, stdev=147.72
    clat percentiles (usec):
     |  1.00th=[   57],  5.00th=[   59], 10.00th=[   61], 20.00th=[   68],
     | 30.00th=[   73], 40.00th=[   78], 50.00th=[   82], 60.00th=[   87],
     | 70.00th=[   92], 80.00th=[   97], 90.00th=[  102], 95.00th=[  104],
     | 99.00th=[  486], 99.50th=[  700], 99.90th=[ 1544], 99.95th=[ 2608],
     | 99.99th=[ 4768]
    bw (KB  /s): min=    8, max=470464, per=100.00%, avg=325876.20, stdev=35208.97
    lat (usec) : 100=85.88%, 250=11.86%, 500=1.31%, 750=0.53%, 1000=0.21%
    lat (msec) : 2=0.13%, 4=0.06%, 10=0.01%, 20=0.01%, 50=0.01%
  cpu          : usr=3.03%, sys=15.97%, ctx=576114, majf=0, minf=12
  IO depths    : 1=100.0%, 2=0.0%, 4=0.0%, 8=0.0%, 16=0.0%, 32=0.0%, >=64=0.0%
     submit    : 0=0.0%, 4=100.0%, 8=0.0%, 16=0.0%, 32=0.0%, 64=0.0%, >=64=0.0%
     complete  : 0=0.0%, 4=100.0%, 8=0.0%, 16=0.0%, 32=0.0%, 64=0.0%, >=64=0.0%
     issued    : total=r=0/w=576057/d=0, short=r=0/w=0/d=0, drop=r=0/w=0/d=0
     latency   : target=0, window=0, percentile=100.00%, depth=1

Run status group 0 (all jobs):
  WRITE: io=18002MB, aggrb=307225KB/s, minb=307225KB/s, maxb=307225KB/s, mint=60001msec, maxt=60001msec

Disk stats (read/write):
  sdb: ios=0/575248, merge=0/11, ticks=0/48248, in_queue=48112, util=80.19%
