fioccpe: (g=0): rw=write, bs=32K-32K/32K-32K/32K-32K, ioengine=sync, iodepth=1
fio-2.2.10
Starting 1 process

fioccpe: (groupid=0, jobs=1): err= 0: pid=36628: Sat Sep  2 23:19:14 2017
  write: io=19253MB, bw=328576KB/s, iops=10267, runt= 60001msec
    clat (usec): min=55, max=28010, avg=94.94, stdev=142.39
     lat (usec): min=56, max=28011, avg=95.59, stdev=142.39
    clat percentiles (usec):
     |  1.00th=[   61],  5.00th=[   63], 10.00th=[   65], 20.00th=[   72],
     | 30.00th=[   77], 40.00th=[   82], 50.00th=[   87], 60.00th=[   92],
     | 70.00th=[   96], 80.00th=[  100], 90.00th=[  103], 95.00th=[  107],
     | 99.00th=[  366], 99.50th=[  564], 99.90th=[ 1336], 99.95th=[ 2256],
     | 99.99th=[ 4768]
    bw (KB  /s): min=314816, max=450432, per=100.00%, avg=328662.47, stdev=14141.49
    lat (usec) : 100=79.24%, 250=19.20%, 500=0.95%, 750=0.34%, 1000=0.13%
    lat (msec) : 2=0.09%, 4=0.04%, 10=0.01%, 20=0.01%, 50=0.01%
  cpu          : usr=3.83%, sys=10.37%, ctx=616100, majf=0, minf=12
  IO depths    : 1=100.0%, 2=0.0%, 4=0.0%, 8=0.0%, 16=0.0%, 32=0.0%, >=64=0.0%
     submit    : 0=0.0%, 4=100.0%, 8=0.0%, 16=0.0%, 32=0.0%, 64=0.0%, >=64=0.0%
     complete  : 0=0.0%, 4=100.0%, 8=0.0%, 16=0.0%, 32=0.0%, 64=0.0%, >=64=0.0%
     issued    : total=r=0/w=616090/d=0, short=r=0/w=0/d=0, drop=r=0/w=0/d=0
     latency   : target=0, window=0, percentile=100.00%, depth=1

Run status group 0 (all jobs):
  WRITE: io=19253MB, aggrb=328575KB/s, minb=328575KB/s, maxb=328575KB/s, mint=60001msec, maxt=60001msec

Disk stats (read/write):
  sdb: ios=0/615328, merge=0/11, ticks=0/51416, in_queue=51284, util=85.48%
