fioccpe: (g=0): rw=write, bs=32K-32K/32K-32K/32K-32K, ioengine=sync, iodepth=1
fio-2.2.10
Starting 1 process

fioccpe: (groupid=0, jobs=1): err= 0: pid=37267: Sat Sep  2 23:23:58 2017
  write: io=20480MB, bw=593791KB/s, iops=18555, runt= 35318msec
    clat (usec): min=14, max=446968, avg=52.66, stdev=771.59
     lat (usec): min=14, max=446968, avg=53.03, stdev=771.59
    clat percentiles (usec):
     |  1.00th=[   19],  5.00th=[   20], 10.00th=[   20], 20.00th=[   21],
     | 30.00th=[   21], 40.00th=[   22], 50.00th=[   22], 60.00th=[   23],
     | 70.00th=[   23], 80.00th=[   24], 90.00th=[   27], 95.00th=[   33],
     | 99.00th=[   41], 99.50th=[   53], 99.90th=[ 8896], 99.95th=[ 8896],
     | 99.99th=[ 9024]
    bw (KB  /s): min=240320, max=1385920, per=100.00%, avg=601071.29, stdev=411166.06
    lat (usec) : 20=1.44%, 50=97.93%, 100=0.22%, 250=0.01%, 500=0.01%
    lat (msec) : 10=0.40%, 20=0.01%, 50=0.01%, 250=0.01%, 500=0.01%
  cpu          : usr=2.91%, sys=42.89%, ctx=2663, majf=0, minf=11
  IO depths    : 1=100.0%, 2=0.0%, 4=0.0%, 8=0.0%, 16=0.0%, 32=0.0%, >=64=0.0%
     submit    : 0=0.0%, 4=100.0%, 8=0.0%, 16=0.0%, 32=0.0%, 64=0.0%, >=64=0.0%
     complete  : 0=0.0%, 4=100.0%, 8=0.0%, 16=0.0%, 32=0.0%, 64=0.0%, >=64=0.0%
     issued    : total=r=0/w=655360/d=0, short=r=0/w=0/d=0, drop=r=0/w=0/d=0
     latency   : target=0, window=0, percentile=100.00%, depth=1

Run status group 0 (all jobs):
  WRITE: io=20480MB, aggrb=593791KB/s, minb=593791KB/s, maxb=593791KB/s, mint=35318msec, maxt=35318msec

Disk stats (read/write):
  sdb: ios=0/39675, merge=0/6, ticks=0/4310480, in_queue=4318220, util=86.14%
