fioccpe: (g=0): rw=write, bs=32K-32K/32K-32K/32K-32K, ioengine=sync, iodepth=1
fio-2.2.10
Starting 1 process

fioccpe: (groupid=0, jobs=1): err= 0: pid=35529: Sat Sep  2 23:10:38 2017
  write: io=20480MB, bw=532502KB/s, iops=16640, runt= 39383msec
    clat (usec): min=18, max=497500, avg=52.82, stdev=843.68
     lat (usec): min=18, max=497501, avg=53.19, stdev=843.68
    clat percentiles (usec):
     |  1.00th=[   19],  5.00th=[   20], 10.00th=[   21], 20.00th=[   21],
     | 30.00th=[   22], 40.00th=[   22], 50.00th=[   22], 60.00th=[   23],
     | 70.00th=[   24], 80.00th=[   25], 90.00th=[   27], 95.00th=[   29],
     | 99.00th=[   35], 99.50th=[   38], 99.90th=[ 8896], 99.95th=[ 8896],
     | 99.99th=[ 9024]
    bw (KB  /s): min=    8, max=1351744, per=100.00%, avg=591921.26, stdev=413550.86
    lat (usec) : 20=1.17%, 50=98.42%, 100=0.01%, 250=0.01%, 750=0.01%
    lat (msec) : 2=0.01%, 10=0.40%, 20=0.01%, 50=0.01%, 100=0.01%
    lat (msec) : 250=0.01%, 500=0.01%
  cpu          : usr=2.24%, sys=48.44%, ctx=2706, majf=0, minf=12
  IO depths    : 1=100.0%, 2=0.0%, 4=0.0%, 8=0.0%, 16=0.0%, 32=0.0%, >=64=0.0%
     submit    : 0=0.0%, 4=100.0%, 8=0.0%, 16=0.0%, 32=0.0%, 64=0.0%, >=64=0.0%
     complete  : 0=0.0%, 4=100.0%, 8=0.0%, 16=0.0%, 32=0.0%, 64=0.0%, >=64=0.0%
     issued    : total=r=0/w=655360/d=0, short=r=0/w=0/d=0, drop=r=0/w=0/d=0
     latency   : target=0, window=0, percentile=100.00%, depth=1

Run status group 0 (all jobs):
  WRITE: io=20480MB, aggrb=532501KB/s, minb=532501KB/s, maxb=532501KB/s, mint=39383msec, maxt=39383msec

Disk stats (read/write):
  sdb: ios=0/39584, merge=0/6, ticks=0/4313236, in_queue=4321136, util=77.28%
