fioccpe: (g=0): rw=write, bs=32K-32K/32K-32K/32K-32K, ioengine=sync, iodepth=1
fio-2.2.10
Starting 1 process

fioccpe: (groupid=0, jobs=1): err= 0: pid=34493: Sat Sep  2 23:02:48 2017
  write: io=17953MB, bw=306400KB/s, iops=9575, runt= 60001msec
    clat (usec): min=55, max=32017, avg=95.29, stdev=147.56
     lat (usec): min=55, max=32018, avg=95.93, stdev=147.56
    clat percentiles (usec):
     |  1.00th=[   61],  5.00th=[   63], 10.00th=[   66], 20.00th=[   72],
     | 30.00th=[   77], 40.00th=[   82], 50.00th=[   86], 60.00th=[   92],
     | 70.00th=[   96], 80.00th=[  100], 90.00th=[  103], 95.00th=[  107],
     | 99.00th=[  390], 99.50th=[  588], 99.90th=[ 1160], 99.95th=[ 2040],
     | 99.99th=[ 4192]
    bw (KB  /s): min=    8, max=447168, per=100.00%, avg=324773.72, stdev=34068.53
    lat (usec) : 100=79.44%, 250=18.86%, 500=1.01%, 750=0.40%, 1000=0.14%
    lat (msec) : 2=0.09%, 4=0.04%, 10=0.01%, 20=0.01%, 50=0.01%
  cpu          : usr=3.09%, sys=16.41%, ctx=574572, majf=0, minf=11
  IO depths    : 1=100.0%, 2=0.0%, 4=0.0%, 8=0.0%, 16=0.0%, 32=0.0%, >=64=0.0%
     submit    : 0=0.0%, 4=100.0%, 8=0.0%, 16=0.0%, 32=0.0%, 64=0.0%, >=64=0.0%
     complete  : 0=0.0%, 4=100.0%, 8=0.0%, 16=0.0%, 32=0.0%, 64=0.0%, >=64=0.0%
     issued    : total=r=0/w=574510/d=0, short=r=0/w=0/d=0, drop=r=0/w=0/d=0
     latency   : target=0, window=0, percentile=100.00%, depth=1

Run status group 0 (all jobs):
  WRITE: io=17953MB, aggrb=306400KB/s, minb=306400KB/s, maxb=306400KB/s, mint=60001msec, maxt=60001msec

Disk stats (read/write):
  sdb: ios=0/573600, merge=0/11, ticks=0/48000, in_queue=47880, util=79.80%
