fioccpe: (g=0): rw=read, bs=4M-4M/4M-4M/4M-4M, ioengine=sync, iodepth=1
fio-2.2.10
Starting 1 process

fioccpe: (groupid=0, jobs=1): err= 0: pid=13269: Wed Aug 16 16:13:08 2017
  read : io=20480MB, bw=626333KB/s, iops=152, runt= 33483msec
    clat (usec): min=207, max=25932, avg=6535.37, stdev=3141.02
     lat (usec): min=207, max=25932, avg=6535.68, stdev=3141.16
    clat percentiles (usec):
     |  1.00th=[  209],  5.00th=[  209], 10.00th=[  209], 20.00th=[ 7904],
     | 30.00th=[ 7968], 40.00th=[ 8032], 50.00th=[ 8032], 60.00th=[ 8096],
     | 70.00th=[ 8096], 80.00th=[ 8096], 90.00th=[ 8160], 95.00th=[ 8256],
     | 99.00th=[ 8256], 99.50th=[ 8256], 99.90th=[ 8640], 99.95th=[ 9024],
     | 99.99th=[25984]
    bw (KB  /s): min=483779, max=513017, per=80.92%, avg=506821.39, stdev=3101.93
    lat (usec) : 250=19.65%, 500=0.02%
    lat (msec) : 10=80.31%, 50=0.02%
  cpu          : usr=0.07%, sys=4.29%, ctx=4119, majf=0, minf=522
  IO depths    : 1=100.0%, 2=0.0%, 4=0.0%, 8=0.0%, 16=0.0%, 32=0.0%, >=64=0.0%
     submit    : 0=0.0%, 4=100.0%, 8=0.0%, 16=0.0%, 32=0.0%, 64=0.0%, >=64=0.0%
     complete  : 0=0.0%, 4=100.0%, 8=0.0%, 16=0.0%, 32=0.0%, 64=0.0%, >=64=0.0%
     issued    : total=r=5120/w=0/d=0, short=r=0/w=0/d=0, drop=r=0/w=0/d=0
     latency   : target=0, window=0, percentile=100.00%, depth=1

Run status group 0 (all jobs):
   READ: io=20480MB, aggrb=626333KB/s, minb=626333KB/s, maxb=626333KB/s, mint=33483msec, maxt=33483msec

Disk stats (read/write):
  sda: ios=20564/6, merge=0/7, ticks=101224/28, in_queue=101252, util=97.67%
