fioccpe: (g=0): rw=read, bs=4M-4M/4M-4M/4M-4M, ioengine=sync, iodepth=1
fio-2.2.10
Starting 1 process

fioccpe: (groupid=0, jobs=1): err= 0: pid=15096: Wed Aug 16 16:22:31 2017
  read : io=20480MB, bw=624078KB/s, iops=152, runt= 33604msec
    clat (usec): min=207, max=32749, avg=6559.06, stdev=3159.36
     lat (usec): min=207, max=32750, avg=6559.40, stdev=3159.51
    clat percentiles (usec):
     |  1.00th=[  207],  5.00th=[  209], 10.00th=[  209], 20.00th=[ 7904],
     | 30.00th=[ 7968], 40.00th=[ 8032], 50.00th=[ 8032], 60.00th=[ 8096],
     | 70.00th=[ 8096], 80.00th=[ 8096], 90.00th=[ 8160], 95.00th=[ 8256],
     | 99.00th=[ 8256], 99.50th=[ 8384], 99.90th=[13632], 99.95th=[19328],
     | 99.99th=[32640]
    bw (KB  /s): min=445217, max=513017, per=81.09%, avg=506037.80, stdev=7831.05
    lat (usec) : 250=19.47%, 500=0.02%
    lat (msec) : 10=80.39%, 20=0.08%, 50=0.04%
  cpu          : usr=0.10%, sys=4.23%, ctx=4125, majf=0, minf=523
  IO depths    : 1=100.0%, 2=0.0%, 4=0.0%, 8=0.0%, 16=0.0%, 32=0.0%, >=64=0.0%
     submit    : 0=0.0%, 4=100.0%, 8=0.0%, 16=0.0%, 32=0.0%, 64=0.0%, >=64=0.0%
     complete  : 0=0.0%, 4=100.0%, 8=0.0%, 16=0.0%, 32=0.0%, 64=0.0%, >=64=0.0%
     issued    : total=r=5120/w=0/d=0, short=r=0/w=0/d=0, drop=r=0/w=0/d=0
     latency   : target=0, window=0, percentile=100.00%, depth=1

Run status group 0 (all jobs):
   READ: io=20480MB, aggrb=624078KB/s, minb=624078KB/s, maxb=624078KB/s, mint=33604msec, maxt=33604msec

Disk stats (read/write):
  sda: ios=16488/11, merge=0/9, ticks=99164/24, in_queue=99188, util=97.83%
