fioccpe: (g=0): rw=read, bs=4M-4M/4M-4M/4M-4M, ioengine=sync, iodepth=1
fio-2.2.10
Starting 1 process

fioccpe: (groupid=0, jobs=1): err= 0: pid=13704: Wed Aug 16 16:15:22 2017
  read : io=20480MB, bw=626072KB/s, iops=152, runt= 33497msec
    clat (usec): min=207, max=13572, avg=6538.11, stdev=3133.59
     lat (usec): min=207, max=13572, avg=6538.45, stdev=3133.75
    clat percentiles (usec):
     |  1.00th=[  209],  5.00th=[  209], 10.00th=[  209], 20.00th=[ 7904],
     | 30.00th=[ 7968], 40.00th=[ 8032], 50.00th=[ 8032], 60.00th=[ 8096],
     | 70.00th=[ 8096], 80.00th=[ 8160], 90.00th=[ 8160], 95.00th=[ 8256],
     | 99.00th=[ 8256], 99.50th=[ 8384], 99.90th=[ 9152], 99.95th=[ 9280],
     | 99.99th=[13632]
    bw (KB  /s): min=495746, max=513017, per=80.92%, avg=506608.11, stdev=2192.64
    lat (usec) : 250=19.63%, 500=0.04%
    lat (msec) : 10=80.31%, 20=0.02%
  cpu          : usr=0.06%, sys=4.29%, ctx=4116, majf=0, minf=523
  IO depths    : 1=100.0%, 2=0.0%, 4=0.0%, 8=0.0%, 16=0.0%, 32=0.0%, >=64=0.0%
     submit    : 0=0.0%, 4=100.0%, 8=0.0%, 16=0.0%, 32=0.0%, 64=0.0%, >=64=0.0%
     complete  : 0=0.0%, 4=100.0%, 8=0.0%, 16=0.0%, 32=0.0%, 64=0.0%, >=64=0.0%
     issued    : total=r=5120/w=0/d=0, short=r=0/w=0/d=0, drop=r=0/w=0/d=0
     latency   : target=0, window=0, percentile=100.00%, depth=1

Run status group 0 (all jobs):
   READ: io=20480MB, aggrb=626071KB/s, minb=626071KB/s, maxb=626071KB/s, mint=33497msec, maxt=33497msec

Disk stats (read/write):
  sda: ios=16451/6, merge=0/7, ticks=98740/24, in_queue=98756, util=97.59%
