fioccpe: (g=0): rw=read, bs=4M-4M/4M-4M/4M-4M, ioengine=sync, iodepth=1
fio-2.2.10
Starting 1 process

fioccpe: (groupid=0, jobs=1): err= 0: pid=11292: Wed Aug 16 16:02:51 2017
  read : io=20480MB, bw=677988KB/s, iops=165, runt= 30932msec
    clat (usec): min=207, max=15306, avg=6037.40, stdev=3452.88
     lat (usec): min=207, max=15307, avg=6037.71, stdev=3453.05
    clat percentiles (usec):
     |  1.00th=[  209],  5.00th=[  209], 10.00th=[  209], 20.00th=[  211],
     | 30.00th=[ 7968], 40.00th=[ 8032], 50.00th=[ 8032], 60.00th=[ 8032],
     | 70.00th=[ 8096], 80.00th=[ 8096], 90.00th=[ 8160], 95.00th=[ 8256],
     | 99.00th=[ 8256], 99.50th=[ 8256], 99.90th=[ 8768], 99.95th=[ 9664],
     | 99.99th=[15296]
    bw (KB  /s): min=498714, max=518071, per=74.79%, avg=507092.89, stdev=2444.26
    lat (usec) : 250=25.88%, 500=0.08%
    lat (msec) : 10=74.00%, 20=0.04%
  cpu          : usr=0.08%, sys=4.49%, ctx=3795, majf=0, minf=522
  IO depths    : 1=100.0%, 2=0.0%, 4=0.0%, 8=0.0%, 16=0.0%, 32=0.0%, >=64=0.0%
     submit    : 0=0.0%, 4=100.0%, 8=0.0%, 16=0.0%, 32=0.0%, 64=0.0%, >=64=0.0%
     complete  : 0=0.0%, 4=100.0%, 8=0.0%, 16=0.0%, 32=0.0%, 64=0.0%, >=64=0.0%
     issued    : total=r=5120/w=0/d=0, short=r=0/w=0/d=0, drop=r=0/w=0/d=0
     latency   : target=0, window=0, percentile=100.00%, depth=1

Run status group 0 (all jobs):
   READ: io=20480MB, aggrb=677987KB/s, minb=677987KB/s, maxb=677987KB/s, mint=30932msec, maxt=30932msec

Disk stats (read/write):
  sda: ios=15164/11, merge=0/7, ticks=91092/24, in_queue=91116, util=97.09%
