fioccpe: (g=0): rw=read, bs=4M-4M/4M-4M/4M-4M, ioengine=sync, iodepth=1
fio-2.2.10
Starting 1 process

fioccpe: (groupid=0, jobs=1): err= 0: pid=14661: Wed Aug 16 16:20:17 2017
  read : io=20480MB, bw=625642KB/s, iops=152, runt= 33520msec
    clat (usec): min=207, max=13447, avg=6542.77, stdev=3118.34
     lat (usec): min=207, max=13448, avg=6543.12, stdev=3118.49
    clat percentiles (usec):
     |  1.00th=[  209],  5.00th=[  209], 10.00th=[  209], 20.00th=[ 7904],
     | 30.00th=[ 7968], 40.00th=[ 8032], 50.00th=[ 8032], 60.00th=[ 8096],
     | 70.00th=[ 8096], 80.00th=[ 8096], 90.00th=[ 8160], 95.00th=[ 8256],
     | 99.00th=[ 8256], 99.50th=[ 8256], 99.90th=[ 8640], 99.95th=[ 9024],
     | 99.99th=[13504]
    bw (KB  /s): min=497721, max=508970, per=81.10%, avg=507367.68, stdev=1419.86
    lat (usec) : 250=19.47%, 500=0.02%
    lat (msec) : 10=80.49%, 20=0.02%
  cpu          : usr=0.12%, sys=4.12%, ctx=4128, majf=0, minf=523
  IO depths    : 1=100.0%, 2=0.0%, 4=0.0%, 8=0.0%, 16=0.0%, 32=0.0%, >=64=0.0%
     submit    : 0=0.0%, 4=100.0%, 8=0.0%, 16=0.0%, 32=0.0%, 64=0.0%, >=64=0.0%
     complete  : 0=0.0%, 4=100.0%, 8=0.0%, 16=0.0%, 32=0.0%, 64=0.0%, >=64=0.0%
     issued    : total=r=5120/w=0/d=0, short=r=0/w=0/d=0, drop=r=0/w=0/d=0
     latency   : target=0, window=0, percentile=100.00%, depth=1

Run status group 0 (all jobs):
   READ: io=20480MB, aggrb=625642KB/s, minb=625642KB/s, maxb=625642KB/s, mint=33520msec, maxt=33520msec

Disk stats (read/write):
  sda: ios=16488/6, merge=0/7, ticks=98924/24, in_queue=98944, util=97.70%
