fioccpe: (g=0): rw=read, bs=32K-32K/32K-32K/32K-32K, ioengine=sync, iodepth=1
fio-2.2.10
Starting 1 process

fioccpe: (groupid=0, jobs=1): err= 0: pid=17880: Wed Aug 16 16:37:17 2017
  read : io=16386MB, bw=279641KB/s, iops=8738, runt= 60001msec
    clat (usec): min=91, max=6104, avg=113.98, stdev=34.55
     lat (usec): min=91, max=6104, avg=114.02, stdev=34.55
    clat percentiles (usec):
     |  1.00th=[   97],  5.00th=[  100], 10.00th=[  102], 20.00th=[  104],
     | 30.00th=[  105], 40.00th=[  106], 50.00th=[  107], 60.00th=[  108],
     | 70.00th=[  109], 80.00th=[  111], 90.00th=[  115], 95.00th=[  159],
     | 99.00th=[  330], 99.50th=[  350], 99.90th=[  386], 99.95th=[  414],
     | 99.99th=[  466]
    bw (KB  /s): min=262144, max=284224, per=100.00%, avg=279669.78, stdev=2235.02
    lat (usec) : 100=4.47%, 250=93.82%, 500=1.71%, 750=0.01%, 1000=0.01%
    lat (msec) : 2=0.01%, 10=0.01%
  cpu          : usr=1.21%, sys=2.96%, ctx=524341, majf=0, minf=17
  IO depths    : 1=100.0%, 2=0.0%, 4=0.0%, 8=0.0%, 16=0.0%, 32=0.0%, >=64=0.0%
     submit    : 0=0.0%, 4=100.0%, 8=0.0%, 16=0.0%, 32=0.0%, 64=0.0%, >=64=0.0%
     complete  : 0=0.0%, 4=100.0%, 8=0.0%, 16=0.0%, 32=0.0%, 64=0.0%, >=64=0.0%
     issued    : total=r=524336/w=0/d=0, short=r=0/w=0/d=0, drop=r=0/w=0/d=0
     latency   : target=0, window=0, percentile=100.00%, depth=1

Run status group 0 (all jobs):
   READ: io=16386MB, aggrb=279641KB/s, minb=279641KB/s, maxb=279641KB/s, mint=60001msec, maxt=60001msec

Disk stats (read/write):
  sda: ios=523482/13, merge=0/11, ticks=57132/0, in_queue=57104, util=95.18%
