fioccpe: (g=0): rw=read, bs=4M-4M/4M-4M/4M-4M, ioengine=sync, iodepth=1
fio-2.2.10
Starting 1 process

fioccpe: (groupid=0, jobs=1): err= 0: pid=17445: Wed Aug 16 16:34:36 2017
  read : io=20480MB, bw=622411KB/s, iops=151, runt= 33694msec
    clat (usec): min=207, max=14434, avg=6576.23, stdev=3116.45
     lat (usec): min=207, max=14435, avg=6576.58, stdev=3116.61
    clat percentiles (usec):
     |  1.00th=[  209],  5.00th=[  209], 10.00th=[  209], 20.00th=[ 7904],
     | 30.00th=[ 7968], 40.00th=[ 8032], 50.00th=[ 8032], 60.00th=[ 8096],
     | 70.00th=[ 8096], 80.00th=[ 8160], 90.00th=[ 8256], 95.00th=[ 8256],
     | 99.00th=[ 8640], 99.50th=[ 8768], 99.90th=[ 9024], 99.95th=[ 9024],
     | 99.99th=[14400]
    bw (KB  /s): min=480445, max=7356416, per=97.70%, avg=608102.70, stdev=836941.70
    lat (usec) : 250=19.26%, 500=0.04%
    lat (msec) : 10=80.68%, 20=0.02%
  cpu          : usr=0.18%, sys=4.37%, ctx=4136, majf=0, minf=523
  IO depths    : 1=100.0%, 2=0.0%, 4=0.0%, 8=0.0%, 16=0.0%, 32=0.0%, >=64=0.0%
     submit    : 0=0.0%, 4=100.0%, 8=0.0%, 16=0.0%, 32=0.0%, 64=0.0%, >=64=0.0%
     complete  : 0=0.0%, 4=100.0%, 8=0.0%, 16=0.0%, 32=0.0%, 64=0.0%, >=64=0.0%
     issued    : total=r=5120/w=0/d=0, short=r=0/w=0/d=0, drop=r=0/w=0/d=0
     latency   : target=0, window=0, percentile=100.00%, depth=1

Run status group 0 (all jobs):
   READ: io=20480MB, aggrb=622411KB/s, minb=622411KB/s, maxb=622411KB/s, mint=33694msec, maxt=33694msec

Disk stats (read/write):
  sda: ios=16526/28, merge=0/19, ticks=99056/112, in_queue=99168, util=97.38%
