fioccpe: (g=0): rw=read, bs=4M-4M/4M-4M/4M-4M, ioengine=sync, iodepth=1
fio-2.2.10
Starting 1 process

fioccpe: (groupid=0, jobs=1): err= 0: pid=15538: Wed Aug 16 16:24:46 2017
  read : io=20480MB, bw=624487KB/s, iops=152, runt= 33582msec
    clat (usec): min=206, max=14778, avg=6554.62, stdev=3124.37
     lat (usec): min=206, max=14778, avg=6554.95, stdev=3124.53
    clat percentiles (usec):
     |  1.00th=[  209],  5.00th=[  209], 10.00th=[  209], 20.00th=[ 7904],
     | 30.00th=[ 7968], 40.00th=[ 8032], 50.00th=[ 8032], 60.00th=[ 8096],
     | 70.00th=[ 8096], 80.00th=[ 8160], 90.00th=[ 8160], 95.00th=[ 8256],
     | 99.00th=[ 8384], 99.50th=[ 8512], 99.90th=[ 8896], 99.95th=[ 9152],
     | 99.99th=[14784]
    bw (KB  /s): min=491842, max=509976, per=81.09%, avg=506411.47, stdev=2818.88
    lat (usec) : 250=19.45%, 500=0.04%
    lat (msec) : 10=80.49%, 20=0.02%
  cpu          : usr=0.11%, sys=4.31%, ctx=4129, majf=0, minf=523
  IO depths    : 1=100.0%, 2=0.0%, 4=0.0%, 8=0.0%, 16=0.0%, 32=0.0%, >=64=0.0%
     submit    : 0=0.0%, 4=100.0%, 8=0.0%, 16=0.0%, 32=0.0%, 64=0.0%, >=64=0.0%
     complete  : 0=0.0%, 4=100.0%, 8=0.0%, 16=0.0%, 32=0.0%, 64=0.0%, >=64=0.0%
     issued    : total=r=5120/w=0/d=0, short=r=0/w=0/d=0, drop=r=0/w=0/d=0
     latency   : target=0, window=0, percentile=100.00%, depth=1

Run status group 0 (all jobs):
   READ: io=20480MB, aggrb=624486KB/s, minb=624486KB/s, maxb=624486KB/s, mint=33582msec, maxt=33582msec

Disk stats (read/write):
  sda: ios=16488/11, merge=0/9, ticks=98992/20, in_queue=99004, util=97.83%
