fioccpe: (g=0): rw=read, bs=4M-4M/4M-4M/4M-4M, ioengine=sync, iodepth=1
fio-2.2.10
Starting 1 process

fioccpe: (groupid=0, jobs=1): err= 0: pid=15975: Wed Aug 16 16:27:00 2017
  read : io=20480MB, bw=623651KB/s, iops=152, runt= 33627msec
    clat (usec): min=207, max=13550, avg=6563.48, stdev=3126.70
     lat (usec): min=207, max=13550, avg=6563.84, stdev=3126.87
    clat percentiles (usec):
     |  1.00th=[  207],  5.00th=[  209], 10.00th=[  209], 20.00th=[ 7904],
     | 30.00th=[ 8032], 40.00th=[ 8032], 50.00th=[ 8032], 60.00th=[ 8096],
     | 70.00th=[ 8096], 80.00th=[ 8160], 90.00th=[ 8256], 95.00th=[ 8256],
     | 99.00th=[ 8512], 99.50th=[ 8768], 99.90th=[ 8896], 99.95th=[ 9024],
     | 99.99th=[13504]
    bw (KB  /s): min=478542, max=510986, per=81.11%, avg=505838.58, stdev=4396.14
    lat (usec) : 250=18.85%, 500=0.64%
    lat (msec) : 10=80.49%, 20=0.02%
  cpu          : usr=0.08%, sys=4.48%, ctx=4127, majf=0, minf=522
  IO depths    : 1=100.0%, 2=0.0%, 4=0.0%, 8=0.0%, 16=0.0%, 32=0.0%, >=64=0.0%
     submit    : 0=0.0%, 4=100.0%, 8=0.0%, 16=0.0%, 32=0.0%, 64=0.0%, >=64=0.0%
     complete  : 0=0.0%, 4=100.0%, 8=0.0%, 16=0.0%, 32=0.0%, 64=0.0%, >=64=0.0%
     issued    : total=r=5120/w=0/d=0, short=r=0/w=0/d=0, drop=r=0/w=0/d=0
     latency   : target=0, window=0, percentile=100.00%, depth=1

Run status group 0 (all jobs):
   READ: io=20480MB, aggrb=623651KB/s, minb=623651KB/s, maxb=623651KB/s, mint=33627msec, maxt=33627msec

Disk stats (read/write):
  sda: ios=16486/13, merge=0/8, ticks=98896/60, in_queue=98968, util=97.82%
