fioccpe: (g=0): rw=read, bs=32K-32K/32K-32K/32K-32K, ioengine=sync, iodepth=1
fio-2.2.10
Starting 1 process

fioccpe: (groupid=0, jobs=1): err= 0: pid=16924: Wed Aug 16 16:32:21 2017
  read : io=16360MB, bw=279204KB/s, iops=8725, runt= 60001msec
    clat (usec): min=92, max=25467, avg=114.13, stdev=56.05
     lat (usec): min=92, max=25468, avg=114.18, stdev=56.05
    clat percentiles (usec):
     |  1.00th=[   97],  5.00th=[  100], 10.00th=[  101], 20.00th=[  104],
     | 30.00th=[  105], 40.00th=[  106], 50.00th=[  107], 60.00th=[  108],
     | 70.00th=[  109], 80.00th=[  111], 90.00th=[  115], 95.00th=[  159],
     | 99.00th=[  330], 99.50th=[  346], 99.90th=[  386], 99.95th=[  414],
     | 99.99th=[  462]
    bw (KB  /s): min=245184, max=291904, per=100.00%, avg=279230.92, stdev=4183.87
    lat (usec) : 100=4.97%, 250=93.30%, 500=1.73%, 750=0.01%, 1000=0.01%
    lat (msec) : 2=0.01%, 10=0.01%, 20=0.01%, 50=0.01%
  cpu          : usr=0.86%, sys=3.54%, ctx=523519, majf=0, minf=18
  IO depths    : 1=100.0%, 2=0.0%, 4=0.0%, 8=0.0%, 16=0.0%, 32=0.0%, >=64=0.0%
     submit    : 0=0.0%, 4=100.0%, 8=0.0%, 16=0.0%, 32=0.0%, 64=0.0%, >=64=0.0%
     complete  : 0=0.0%, 4=100.0%, 8=0.0%, 16=0.0%, 32=0.0%, 64=0.0%, >=64=0.0%
     issued    : total=r=523516/w=0/d=0, short=r=0/w=0/d=0, drop=r=0/w=0/d=0
     latency   : target=0, window=0, percentile=100.00%, depth=1

Run status group 0 (all jobs):
   READ: io=16360MB, aggrb=279203KB/s, minb=279203KB/s, maxb=279203KB/s, mint=60001msec, maxt=60001msec

Disk stats (read/write):
  sda: ios=522674/14, merge=0/11, ticks=57108/4, in_queue=57088, util=95.15%
