fioccpe: (g=0): rw=read, bs=32K-32K/32K-32K/32K-32K, ioengine=sync, iodepth=1
fio-2.2.10
Starting 1 process

fioccpe: (groupid=0, jobs=1): err= 0: pid=11721: Wed Aug 16 16:05:32 2017
  read : io=16400MB, bw=279890KB/s, iops=8746, runt= 60001msec
    clat (usec): min=91, max=6440, avg=113.89, stdev=34.66
     lat (usec): min=91, max=6440, avg=113.93, stdev=34.66
    clat percentiles (usec):
     |  1.00th=[   97],  5.00th=[  100], 10.00th=[  102], 20.00th=[  104],
     | 30.00th=[  105], 40.00th=[  106], 50.00th=[  107], 60.00th=[  108],
     | 70.00th=[  109], 80.00th=[  111], 90.00th=[  115], 95.00th=[  157],
     | 99.00th=[  330], 99.50th=[  350], 99.90th=[  390], 99.95th=[  414],
     | 99.99th=[  458]
    bw (KB  /s): min=262912, max=286784, per=100.00%, avg=279944.61, stdev=2198.93
    lat (usec) : 100=4.73%, 250=93.55%, 500=1.71%, 750=0.01%, 1000=0.01%
    lat (msec) : 2=0.01%, 10=0.01%
  cpu          : usr=1.26%, sys=2.88%, ctx=524807, majf=0, minf=18
  IO depths    : 1=100.0%, 2=0.0%, 4=0.0%, 8=0.0%, 16=0.0%, 32=0.0%, >=64=0.0%
     submit    : 0=0.0%, 4=100.0%, 8=0.0%, 16=0.0%, 32=0.0%, 64=0.0%, >=64=0.0%
     complete  : 0=0.0%, 4=100.0%, 8=0.0%, 16=0.0%, 32=0.0%, 64=0.0%, >=64=0.0%
     issued    : total=r=524802/w=0/d=0, short=r=0/w=0/d=0, drop=r=0/w=0/d=0
     latency   : target=0, window=0, percentile=100.00%, depth=1

Run status group 0 (all jobs):
   READ: io=16400MB, aggrb=279889KB/s, minb=279889KB/s, maxb=279889KB/s, mint=60001msec, maxt=60001msec

Disk stats (read/write):
  sda: ios=523956/14, merge=0/10, ticks=57360/0, in_queue=57340, util=95.57%
