fioccpe: (g=0): rw=write, bs=32K-32K/32K-32K/32K-32K, ioengine=sync, iodepth=1
fio-2.2.10
Starting 1 process
fioccpe: Laying out IO file(s) (1 file(s) / 20480MB)

fioccpe: (groupid=0, jobs=1): err= 0: pid=10590: Wed Aug 16 15:59:43 2017
  write: io=9768.2MB, bw=166699KB/s, iops=5209, runt= 60004msec
    clat (usec): min=80, max=57541, avg=190.51, stdev=1377.05
     lat (usec): min=80, max=57543, avg=191.41, stdev=1377.07
    clat percentiles (usec):
     |  1.00th=[   82],  5.00th=[   84], 10.00th=[   85], 20.00th=[   86],
     | 30.00th=[   86], 40.00th=[   87], 50.00th=[   87], 60.00th=[   88],
     | 70.00th=[   89], 80.00th=[   92], 90.00th=[   93], 95.00th=[   94],
     | 99.00th=[  620], 99.50th=[16512], 99.90th=[16512], 99.95th=[33024],
     | 99.99th=[33024]
    bw (KB  /s): min=  921, max=360064, per=100.00%, avg=168913.56, stdev=143328.19
    lat (usec) : 100=97.43%, 250=1.06%, 500=0.33%, 750=0.35%, 1000=0.14%
    lat (msec) : 2=0.12%, 4=0.04%, 10=0.01%, 20=0.45%, 50=0.07%
    lat (msec) : 100=0.01%
  cpu          : usr=0.99%, sys=3.05%, ctx=312592, majf=0, minf=12
  IO depths    : 1=100.0%, 2=0.0%, 4=0.0%, 8=0.0%, 16=0.0%, 32=0.0%, >=64=0.0%
     submit    : 0=0.0%, 4=100.0%, 8=0.0%, 16=0.0%, 32=0.0%, 64=0.0%, >=64=0.0%
     complete  : 0=0.0%, 4=100.0%, 8=0.0%, 16=0.0%, 32=0.0%, 64=0.0%, >=64=0.0%
     issued    : total=r=0/w=312581/d=0, short=r=0/w=0/d=0, drop=r=0/w=0/d=0
     latency   : target=0, window=0, percentile=100.00%, depth=1

Run status group 0 (all jobs):
  WRITE: io=9768.2MB, aggrb=166698KB/s, minb=166698KB/s, maxb=166698KB/s, mint=60004msec, maxt=60004msec

Disk stats (read/write):
  sda: ios=0/312638, merge=0/396, ticks=0/57552, in_queue=57528, util=95.49%
