fioccpe: (g=0): rw=write, bs=32K-32K/32K-32K/32K-32K, ioengine=sync, iodepth=1
fio-2.2.10
Starting 1 process

fioccpe: (groupid=0, jobs=1): err= 0: pid=12495: Wed Aug 16 16:09:33 2017
  write: io=16250MB, bw=277324KB/s, iops=8666, runt= 60001msec
    clat (usec): min=77, max=36999, avg=113.98, stdev=660.37
     lat (usec): min=78, max=37001, avg=114.92, stdev=660.37
    clat percentiles (usec):
     |  1.00th=[   80],  5.00th=[   83], 10.00th=[   83], 20.00th=[   84],
     | 30.00th=[   84], 40.00th=[   84], 50.00th=[   85], 60.00th=[   86],
     | 70.00th=[   88], 80.00th=[   89], 90.00th=[   91], 95.00th=[   92],
     | 99.00th=[  199], 99.50th=[  450], 99.90th=[16512], 99.95th=[16512],
     | 99.99th=[22400]
    bw (KB  /s): min=88547, max=357888, per=99.97%, avg=277227.76, stdev=80118.94
    lat (usec) : 100=98.07%, 250=1.04%, 500=0.47%, 750=0.22%, 1000=0.04%
    lat (msec) : 2=0.02%, 4=0.01%, 10=0.01%, 20=0.12%, 50=0.02%
  cpu          : usr=1.35%, sys=3.56%, ctx=519997, majf=0, minf=11
  IO depths    : 1=100.0%, 2=0.0%, 4=0.0%, 8=0.0%, 16=0.0%, 32=0.0%, >=64=0.0%
     submit    : 0=0.0%, 4=100.0%, 8=0.0%, 16=0.0%, 32=0.0%, 64=0.0%, >=64=0.0%
     complete  : 0=0.0%, 4=100.0%, 8=0.0%, 16=0.0%, 32=0.0%, 64=0.0%, >=64=0.0%
     issued    : total=r=0/w=519992/d=0, short=r=0/w=0/d=0, drop=r=0/w=0/d=0
     latency   : target=0, window=0, percentile=100.00%, depth=1

Run status group 0 (all jobs):
  WRITE: io=16250MB, aggrb=277324KB/s, minb=277324KB/s, maxb=277324KB/s, mint=60001msec, maxt=60001msec

Disk stats (read/write):
  sda: ios=0/519003, merge=0/19, ticks=0/56944, in_queue=56920, util=94.44%
