fioccpe: (g=0): rw=write, bs=32K-32K/32K-32K/32K-32K, ioengine=sync, iodepth=1
fio-2.2.10
Starting 1 process

fioccpe: (groupid=0, jobs=1): err= 0: pid=11461: Wed Aug 16 16:04:12 2017
  write: io=16451MB, bw=280759KB/s, iops=8773, runt= 60001msec
    clat (usec): min=77, max=33379, avg=112.60, stdev=641.76
     lat (usec): min=78, max=33380, avg=113.52, stdev=641.76
    clat percentiles (usec):
     |  1.00th=[   80],  5.00th=[   83], 10.00th=[   83], 20.00th=[   84],
     | 30.00th=[   84], 40.00th=[   84], 50.00th=[   85], 60.00th=[   86],
     | 70.00th=[   87], 80.00th=[   89], 90.00th=[   91], 95.00th=[   92],
     | 99.00th=[  193], 99.50th=[  466], 99.90th=[16512], 99.95th=[16512],
     | 99.99th=[22400]
    bw (KB  /s): min= 3712, max=358144, per=99.96%, avg=280640.02, stdev=80205.23
    lat (usec) : 100=98.29%, 250=0.81%, 500=0.45%, 750=0.26%, 1000=0.03%
    lat (msec) : 2=0.01%, 4=0.01%, 10=0.01%, 20=0.11%, 50=0.02%
  cpu          : usr=1.41%, sys=3.51%, ctx=526437, majf=0, minf=12
  IO depths    : 1=100.0%, 2=0.0%, 4=0.0%, 8=0.0%, 16=0.0%, 32=0.0%, >=64=0.0%
     submit    : 0=0.0%, 4=100.0%, 8=0.0%, 16=0.0%, 32=0.0%, 64=0.0%, >=64=0.0%
     complete  : 0=0.0%, 4=100.0%, 8=0.0%, 16=0.0%, 32=0.0%, 64=0.0%, >=64=0.0%
     issued    : total=r=0/w=526432/d=0, short=r=0/w=0/d=0, drop=r=0/w=0/d=0
     latency   : target=0, window=0, percentile=100.00%, depth=1

Run status group 0 (all jobs):
  WRITE: io=16451MB, aggrb=280759KB/s, minb=280759KB/s, maxb=280759KB/s, mint=60001msec, maxt=60001msec

Disk stats (read/write):
  sda: ios=0/525421, merge=0/20, ticks=0/56516, in_queue=56500, util=94.15%
