fioccpe: (g=0): rw=write, bs=32K-32K/32K-32K/32K-32K, ioengine=sync, iodepth=1
fio-2.2.10
Starting 1 process

fioccpe: (groupid=0, jobs=1): err= 0: pid=11977: Wed Aug 16 16:06:52 2017
  write: io=16403MB, bw=279939KB/s, iops=8748, runt= 60001msec
    clat (usec): min=78, max=32972, avg=112.90, stdev=642.82
     lat (usec): min=78, max=32972, avg=113.84, stdev=642.83
    clat percentiles (usec):
     |  1.00th=[   80],  5.00th=[   83], 10.00th=[   83], 20.00th=[   84],
     | 30.00th=[   84], 40.00th=[   84], 50.00th=[   85], 60.00th=[   86],
     | 70.00th=[   87], 80.00th=[   89], 90.00th=[   91], 95.00th=[   92],
     | 99.00th=[  205], 99.50th=[  462], 99.90th=[16512], 99.95th=[16512],
     | 99.99th=[22400]
    bw (KB  /s): min=150635, max=357632, per=99.96%, avg=279815.43, stdev=75574.72
    lat (usec) : 100=98.07%, 250=1.02%, 500=0.47%, 750=0.25%, 1000=0.03%
    lat (msec) : 2=0.01%, 4=0.01%, 10=0.01%, 20=0.11%, 50=0.02%
  cpu          : usr=1.53%, sys=3.38%, ctx=524904, majf=0, minf=11
  IO depths    : 1=100.0%, 2=0.0%, 4=0.0%, 8=0.0%, 16=0.0%, 32=0.0%, >=64=0.0%
     submit    : 0=0.0%, 4=100.0%, 8=0.0%, 16=0.0%, 32=0.0%, 64=0.0%, >=64=0.0%
     complete  : 0=0.0%, 4=100.0%, 8=0.0%, 16=0.0%, 32=0.0%, 64=0.0%, >=64=0.0%
     issued    : total=r=0/w=524894/d=0, short=r=0/w=0/d=0, drop=r=0/w=0/d=0
     latency   : target=0, window=0, percentile=100.00%, depth=1

Run status group 0 (all jobs):
  WRITE: io=16403MB, aggrb=279938KB/s, minb=279938KB/s, maxb=279938KB/s, mint=60001msec, maxt=60001msec

Disk stats (read/write):
  sda: ios=0/523898, merge=0/19, ticks=0/56812, in_queue=56772, util=94.38%
