fioccpe: (g=0): rw=write, bs=4M-4M/4M-4M/4M-4M, ioengine=sync, iodepth=1
fio-2.2.10
Starting 1 process

fioccpe: (groupid=0, jobs=1): err= 0: pid=15716: Wed Aug 16 16:26:06 2017
  write: io=15416MB, bw=263060KB/s, iops=64, runt= 60009msec
    clat (msec): min=10, max=310, avg=15.44, stdev=26.13
     lat (msec): min=10, max=310, avg=15.57, stdev=26.14
    clat percentiles (msec):
     |  1.00th=[   11],  5.00th=[   11], 10.00th=[   11], 20.00th=[   12],
     | 30.00th=[   12], 40.00th=[   12], 50.00th=[   12], 60.00th=[   13],
     | 70.00th=[   13], 80.00th=[   13], 90.00th=[   14], 95.00th=[   18],
     | 99.00th=[  245], 99.50th=[  249], 99.90th=[  255], 99.95th=[  260],
     | 99.99th=[  310]
    bw (KB  /s): min=104203, max=343377, per=100.00%, avg=271637.28, stdev=64517.36
    lat (msec) : 20=95.69%, 50=3.09%, 250=0.80%, 500=0.42%
  cpu          : usr=0.82%, sys=1.69%, ctx=3865, majf=0, minf=11
  IO depths    : 1=100.0%, 2=0.0%, 4=0.0%, 8=0.0%, 16=0.0%, 32=0.0%, >=64=0.0%
     submit    : 0=0.0%, 4=100.0%, 8=0.0%, 16=0.0%, 32=0.0%, 64=0.0%, >=64=0.0%
     complete  : 0=0.0%, 4=100.0%, 8=0.0%, 16=0.0%, 32=0.0%, 64=0.0%, >=64=0.0%
     issued    : total=r=0/w=3854/d=0, short=r=0/w=0/d=0, drop=r=0/w=0/d=0
     latency   : target=0, window=0, percentile=100.00%, depth=1

Run status group 0 (all jobs):
  WRITE: io=15416MB, aggrb=263060KB/s, minb=263060KB/s, maxb=263060KB/s, mint=60009msec, maxt=60009msec

Disk stats (read/write):
  sda: ios=0/15420, merge=0/20, ticks=0/179260, in_queue=179276, util=98.13%
