fioccpe: (g=0): rw=write, bs=32K-32K/32K-32K/32K-32K, ioengine=sync, iodepth=1
fio-2.2.10
Starting 1 process

fioccpe: (groupid=0, jobs=1): err= 0: pid=16667: Wed Aug 16 16:31:01 2017
  write: io=16526MB, bw=282016KB/s, iops=8812, runt= 60005msec
    clat (usec): min=78, max=32915, avg=112.02, stdev=629.97
     lat (usec): min=79, max=32916, avg=112.99, stdev=629.98
    clat percentiles (usec):
     |  1.00th=[   81],  5.00th=[   83], 10.00th=[   83], 20.00th=[   84],
     | 30.00th=[   84], 40.00th=[   84], 50.00th=[   85], 60.00th=[   86],
     | 70.00th=[   88], 80.00th=[   90], 90.00th=[   91], 95.00th=[   92],
     | 99.00th=[  175], 99.50th=[  442], 99.90th=[16512], 99.95th=[16512],
     | 99.99th=[22400]
    bw (KB  /s): min=92352, max=358016, per=100.00%, avg=282356.92, stdev=75110.89
    lat (usec) : 100=98.28%, 250=0.87%, 500=0.45%, 750=0.23%, 1000=0.03%
    lat (msec) : 2=0.01%, 4=0.01%, 10=0.01%, 20=0.11%, 50=0.02%
  cpu          : usr=1.59%, sys=3.45%, ctx=528827, majf=0, minf=11
  IO depths    : 1=100.0%, 2=0.0%, 4=0.0%, 8=0.0%, 16=0.0%, 32=0.0%, >=64=0.0%
     submit    : 0=0.0%, 4=100.0%, 8=0.0%, 16=0.0%, 32=0.0%, 64=0.0%, >=64=0.0%
     complete  : 0=0.0%, 4=100.0%, 8=0.0%, 16=0.0%, 32=0.0%, 64=0.0%, >=64=0.0%
     issued    : total=r=0/w=528824/d=0, short=r=0/w=0/d=0, drop=r=0/w=0/d=0
     latency   : target=0, window=0, percentile=100.00%, depth=1

Run status group 0 (all jobs):
  WRITE: io=16526MB, aggrb=282015KB/s, minb=282015KB/s, maxb=282015KB/s, mint=60005msec, maxt=60005msec

Disk stats (read/write):
  sda: ios=0/528822, merge=0/22, ticks=0/56428, in_queue=56400, util=94.00%
