fioccpe: (g=0): rw=write, bs=32K-32K/32K-32K/32K-32K, ioengine=sync, iodepth=1
fio-2.2.10
Starting 1 process

fioccpe: (groupid=0, jobs=1): err= 0: pid=17623: Wed Aug 16 16:35:56 2017
  write: io=16165MB, bw=275850KB/s, iops=8620, runt= 60007msec
    clat (usec): min=78, max=32944, avg=114.55, stdev=660.59
     lat (usec): min=78, max=32945, avg=115.51, stdev=660.60
    clat percentiles (usec):
     |  1.00th=[   81],  5.00th=[   83], 10.00th=[   83], 20.00th=[   84],
     | 30.00th=[   84], 40.00th=[   84], 50.00th=[   85], 60.00th=[   86],
     | 70.00th=[   88], 80.00th=[   90], 90.00th=[   91], 95.00th=[   94],
     | 99.00th=[  179], 99.50th=[  470], 99.90th=[16512], 99.95th=[16512],
     | 99.99th=[22144]
    bw (KB  /s): min= 1948, max=357824, per=100.00%, avg=276352.90, stdev=82929.74
    lat (usec) : 100=97.47%, 250=1.67%, 500=0.41%, 750=0.25%, 1000=0.04%
    lat (msec) : 2=0.01%, 4=0.01%, 10=0.01%, 20=0.12%, 50=0.02%
  cpu          : usr=1.53%, sys=3.53%, ctx=517287, majf=0, minf=11
  IO depths    : 1=100.0%, 2=0.0%, 4=0.0%, 8=0.0%, 16=0.0%, 32=0.0%, >=64=0.0%
     submit    : 0=0.0%, 4=100.0%, 8=0.0%, 16=0.0%, 32=0.0%, 64=0.0%, >=64=0.0%
     complete  : 0=0.0%, 4=100.0%, 8=0.0%, 16=0.0%, 32=0.0%, 64=0.0%, >=64=0.0%
     issued    : total=r=0/w=517280/d=0, short=r=0/w=0/d=0, drop=r=0/w=0/d=0
     latency   : target=0, window=0, percentile=100.00%, depth=1

Run status group 0 (all jobs):
  WRITE: io=16165MB, aggrb=275850KB/s, minb=275850KB/s, maxb=275850KB/s, mint=60007msec, maxt=60007msec

Disk stats (read/write):
  sda: ios=0/517311, merge=0/22, ticks=0/56288, in_queue=56268, util=93.79%
