fioccpe: (g=0): rw=write, bs=32K-32K/32K-32K/32K-32K, ioengine=sync, iodepth=1
fio-2.2.10
Starting 1 process

fioccpe: (groupid=0, jobs=1): err= 0: pid=16151: Wed Aug 16 16:28:20 2017
  write: io=16454MB, bw=280809KB/s, iops=8775, runt= 60001msec
    clat (usec): min=77, max=32964, avg=112.58, stdev=642.49
     lat (usec): min=78, max=32965, avg=113.49, stdev=642.49
    clat percentiles (usec):
     |  1.00th=[   80],  5.00th=[   83], 10.00th=[   83], 20.00th=[   84],
     | 30.00th=[   84], 40.00th=[   84], 50.00th=[   85], 60.00th=[   86],
     | 70.00th=[   87], 80.00th=[   89], 90.00th=[   91], 95.00th=[   92],
     | 99.00th=[  177], 99.50th=[  446], 99.90th=[16512], 99.95th=[16512],
     | 99.99th=[22656]
    bw (KB  /s): min=47622, max=358080, per=100.00%, avg=282219.71, stdev=75794.16
    lat (usec) : 100=98.29%, 250=0.83%, 500=0.46%, 750=0.23%, 1000=0.03%
    lat (msec) : 2=0.01%, 4=0.01%, 10=0.01%, 20=0.11%, 50=0.02%
  cpu          : usr=1.54%, sys=3.32%, ctx=526537, majf=0, minf=11
  IO depths    : 1=100.0%, 2=0.0%, 4=0.0%, 8=0.0%, 16=0.0%, 32=0.0%, >=64=0.0%
     submit    : 0=0.0%, 4=100.0%, 8=0.0%, 16=0.0%, 32=0.0%, 64=0.0%, >=64=0.0%
     complete  : 0=0.0%, 4=100.0%, 8=0.0%, 16=0.0%, 32=0.0%, 64=0.0%, >=64=0.0%
     issued    : total=r=0/w=526526/d=0, short=r=0/w=0/d=0, drop=r=0/w=0/d=0
     latency   : target=0, window=0, percentile=100.00%, depth=1

Run status group 0 (all jobs):
  WRITE: io=16454MB, aggrb=280809KB/s, minb=280809KB/s, maxb=280809KB/s, mint=60001msec, maxt=60001msec

Disk stats (read/write):
  sda: ios=0/526408, merge=0/22, ticks=0/56608, in_queue=56596, util=94.33%
