fioccpe: (g=0): rw=write, bs=4M-4M/4M-4M/4M-4M, ioengine=sync, iodepth=1
fio-2.2.10
Starting 1 process

fioccpe: (groupid=0, jobs=1): err= 0: pid=14836: Wed Aug 16 16:21:37 2017
  write: io=15432MB, bw=262315KB/s, iops=64, runt= 60242msec
    clat (msec): min=10, max=538, avg=15.50, stdev=27.26
     lat (msec): min=10, max=538, avg=15.61, stdev=27.26
    clat percentiles (msec):
     |  1.00th=[   11],  5.00th=[   11], 10.00th=[   11], 20.00th=[   12],
     | 30.00th=[   12], 40.00th=[   12], 50.00th=[   12], 60.00th=[   13],
     | 70.00th=[   13], 80.00th=[   14], 90.00th=[   14], 95.00th=[   16],
     | 99.00th=[  245], 99.50th=[  249], 99.90th=[  255], 99.95th=[  375],
     | 99.99th=[  537]
    bw (KB  /s): min=154412, max=343377, per=100.00%, avg=272506.36, stdev=62701.56
    lat (msec) : 20=96.09%, 50=2.70%, 250=0.83%, 500=0.36%, 750=0.03%
  cpu          : usr=0.90%, sys=1.41%, ctx=3870, majf=0, minf=12
  IO depths    : 1=100.0%, 2=0.0%, 4=0.0%, 8=0.0%, 16=0.0%, 32=0.0%, >=64=0.0%
     submit    : 0=0.0%, 4=100.0%, 8=0.0%, 16=0.0%, 32=0.0%, 64=0.0%, >=64=0.0%
     complete  : 0=0.0%, 4=100.0%, 8=0.0%, 16=0.0%, 32=0.0%, 64=0.0%, >=64=0.0%
     issued    : total=r=0/w=3858/d=0, short=r=0/w=0/d=0, drop=r=0/w=0/d=0
     latency   : target=0, window=0, percentile=100.00%, depth=1

Run status group 0 (all jobs):
  WRITE: io=15432MB, aggrb=262314KB/s, minb=262314KB/s, maxb=262314KB/s, mint=60242msec, maxt=60242msec

Disk stats (read/write):
  sda: ios=0/15463, merge=0/20, ticks=0/177992, in_queue=179864, util=98.03%
