fioccpe: (g=0): rw=write, bs=4M-4M/4M-4M/4M-4M, ioengine=sync, iodepth=1
fio-2.2.10
Starting 1 process

fioccpe: (groupid=0, jobs=1): err= 0: pid=15281: Wed Aug 16 16:23:52 2017
  write: io=15540MB, bw=265163KB/s, iops=64, runt= 60012msec
    clat (msec): min=9, max=268, avg=15.32, stdev=25.55
     lat (msec): min=9, max=268, avg=15.44, stdev=25.55
    clat percentiles (msec):
     |  1.00th=[   11],  5.00th=[   11], 10.00th=[   11], 20.00th=[   12],
     | 30.00th=[   12], 40.00th=[   12], 50.00th=[   12], 60.00th=[   13],
     | 70.00th=[   13], 80.00th=[   13], 90.00th=[   14], 95.00th=[   18],
     | 99.00th=[  243], 99.50th=[  247], 99.90th=[  253], 99.95th=[  255],
     | 99.99th=[  269]
    bw (KB  /s): min=156038, max=343377, per=100.00%, avg=274220.11, stdev=61318.08
    lat (msec) : 10=0.03%, 20=95.78%, 50=2.99%, 250=1.00%, 500=0.21%
  cpu          : usr=0.84%, sys=1.57%, ctx=3897, majf=0, minf=11
  IO depths    : 1=100.0%, 2=0.0%, 4=0.0%, 8=0.0%, 16=0.0%, 32=0.0%, >=64=0.0%
     submit    : 0=0.0%, 4=100.0%, 8=0.0%, 16=0.0%, 32=0.0%, 64=0.0%, >=64=0.0%
     complete  : 0=0.0%, 4=100.0%, 8=0.0%, 16=0.0%, 32=0.0%, 64=0.0%, >=64=0.0%
     issued    : total=r=0/w=3885/d=0, short=r=0/w=0/d=0, drop=r=0/w=0/d=0
     latency   : target=0, window=0, percentile=100.00%, depth=1

Run status group 0 (all jobs):
  WRITE: io=15540MB, aggrb=265162KB/s, minb=265162KB/s, maxb=265162KB/s, mint=60012msec, maxt=60012msec

Disk stats (read/write):
  sda: ios=0/15566, merge=0/42, ticks=0/180508, in_queue=180536, util=98.19%
