fioccpe: (g=0): rw=write, bs=4M-4M/4M-4M/4M-4M, ioengine=sync, iodepth=1
fio-2.2.10
Starting 1 process

fioccpe: (groupid=0, jobs=1): err= 0: pid=13009: Wed Aug 16 16:12:14 2017
  write: io=15320MB, bw=261400KB/s, iops=63, runt= 60014msec
    clat (msec): min=9, max=537, avg=15.55, stdev=27.30
     lat (msec): min=9, max=537, avg=15.66, stdev=27.30
    clat percentiles (msec):
     |  1.00th=[   11],  5.00th=[   11], 10.00th=[   11], 20.00th=[   12],
     | 30.00th=[   12], 40.00th=[   12], 50.00th=[   12], 60.00th=[   13],
     | 70.00th=[   13], 80.00th=[   13], 90.00th=[   14], 95.00th=[   18],
     | 99.00th=[  247], 99.50th=[  253], 99.90th=[  255], 99.95th=[  260],
     | 99.99th=[  537]
    bw (KB  /s): min=136266, max=344673, per=100.00%, avg=269855.63, stdev=66695.67
    lat (msec) : 10=0.05%, 20=95.87%, 50=2.85%, 250=0.65%, 500=0.55%
    lat (msec) : 750=0.03%
  cpu          : usr=0.76%, sys=1.61%, ctx=3840, majf=0, minf=12
  IO depths    : 1=100.0%, 2=0.0%, 4=0.0%, 8=0.0%, 16=0.0%, 32=0.0%, >=64=0.0%
     submit    : 0=0.0%, 4=100.0%, 8=0.0%, 16=0.0%, 32=0.0%, 64=0.0%, >=64=0.0%
     complete  : 0=0.0%, 4=100.0%, 8=0.0%, 16=0.0%, 32=0.0%, 64=0.0%, >=64=0.0%
     issued    : total=r=0/w=3830/d=0, short=r=0/w=0/d=0, drop=r=0/w=0/d=0
     latency   : target=0, window=0, percentile=100.00%, depth=1

Run status group 0 (all jobs):
  WRITE: io=15320MB, aggrb=261400KB/s, minb=261400KB/s, maxb=261400KB/s, mint=60014msec, maxt=60014msec

Disk stats (read/write):
  sda: ios=0/15320, merge=0/3843, ticks=0/181688, in_queue=181700, util=98.16%
