fioccpe: (g=0): rw=write, bs=4M-4M/4M-4M/4M-4M, ioengine=sync, iodepth=1
fio-2.2.10
Starting 1 process

fioccpe: (groupid=0, jobs=1): err= 0: pid=13447: Wed Aug 16 16:14:28 2017
  write: io=15400MB, bw=262796KB/s, iops=64, runt= 60007msec
    clat (msec): min=10, max=362, avg=15.47, stdev=26.29
     lat (msec): min=10, max=362, avg=15.58, stdev=26.29
    clat percentiles (msec):
     |  1.00th=[   11],  5.00th=[   11], 10.00th=[   11], 20.00th=[   12],
     | 30.00th=[   12], 40.00th=[   12], 50.00th=[   12], 60.00th=[   13],
     | 70.00th=[   13], 80.00th=[   14], 90.00th=[   14], 95.00th=[   17],
     | 99.00th=[  245], 99.50th=[  249], 99.90th=[  255], 99.95th=[  258],
     | 99.99th=[  363]
    bw (KB  /s): min=152000, max=344064, per=100.00%, avg=271889.66, stdev=62871.68
    lat (msec) : 20=96.03%, 50=2.75%, 250=0.91%, 500=0.31%
  cpu          : usr=0.81%, sys=1.49%, ctx=3859, majf=0, minf=12
  IO depths    : 1=100.0%, 2=0.0%, 4=0.0%, 8=0.0%, 16=0.0%, 32=0.0%, >=64=0.0%
     submit    : 0=0.0%, 4=100.0%, 8=0.0%, 16=0.0%, 32=0.0%, 64=0.0%, >=64=0.0%
     complete  : 0=0.0%, 4=100.0%, 8=0.0%, 16=0.0%, 32=0.0%, 64=0.0%, >=64=0.0%
     issued    : total=r=0/w=3850/d=0, short=r=0/w=0/d=0, drop=r=0/w=0/d=0
     latency   : target=0, window=0, percentile=100.00%, depth=1

Run status group 0 (all jobs):
  WRITE: io=15400MB, aggrb=262796KB/s, minb=262796KB/s, maxb=262796KB/s, mint=60007msec, maxt=60007msec

Disk stats (read/write):
  sda: ios=0/15403, merge=0/20, ticks=0/181060, in_queue=181060, util=98.13%
