fioccpe: (g=0): rw=write, bs=4M-4M/4M-4M/4M-4M, ioengine=sync, iodepth=1
fio-2.2.10
Starting 1 process

fioccpe: (groupid=0, jobs=1): err= 0: pid=14401: Wed Aug 16 16:19:23 2017
  write: io=15180MB, bw=259033KB/s, iops=63, runt= 60009msec
    clat (msec): min=9, max=920, avg=15.69, stdev=30.66
     lat (msec): min=9, max=921, avg=15.81, stdev=30.66
    clat percentiles (msec):
     |  1.00th=[   11],  5.00th=[   11], 10.00th=[   11], 20.00th=[   12],
     | 30.00th=[   12], 40.00th=[   12], 50.00th=[   12], 60.00th=[   13],
     | 70.00th=[   13], 80.00th=[   13], 90.00th=[   14], 95.00th=[   16],
     | 99.00th=[  245], 99.50th=[  251], 99.90th=[  258], 99.95th=[  510],
     | 99.99th=[  922]
    bw (KB  /s): min=12800, max=343377, per=100.00%, avg=269106.07, stdev=71606.13
    lat (msec) : 10=0.05%, 20=95.84%, 50=2.87%, 250=0.63%, 500=0.55%
    lat (msec) : 750=0.03%, 1000=0.03%
  cpu          : usr=0.91%, sys=1.53%, ctx=3810, majf=0, minf=13
  IO depths    : 1=100.0%, 2=0.0%, 4=0.0%, 8=0.0%, 16=0.0%, 32=0.0%, >=64=0.0%
     submit    : 0=0.0%, 4=100.0%, 8=0.0%, 16=0.0%, 32=0.0%, 64=0.0%, >=64=0.0%
     complete  : 0=0.0%, 4=100.0%, 8=0.0%, 16=0.0%, 32=0.0%, 64=0.0%, >=64=0.0%
     issued    : total=r=0/w=3795/d=0, short=r=0/w=0/d=0, drop=r=0/w=0/d=0
     latency   : target=0, window=0, percentile=100.00%, depth=1

Run status group 0 (all jobs):
  WRITE: io=15180MB, aggrb=259033KB/s, minb=259033KB/s, maxb=259033KB/s, mint=60009msec, maxt=60009msec

Disk stats (read/write):
  sda: ios=0/15183, merge=0/20, ticks=0/181048, in_queue=181056, util=98.33%
