fioccpe: (g=0): rw=write, bs=32K-32K/32K-32K/32K-32K, ioengine=sync, iodepth=1
fio-2.2.10
Starting 1 process

fioccpe: (groupid=0, jobs=1): err= 0: pid=13882: Wed Aug 16 16:16:42 2017
  write: io=16488MB, bw=281386KB/s, iops=8793, runt= 60001msec
    clat (usec): min=77, max=32918, avg=112.31, stdev=633.33
     lat (usec): min=78, max=32919, avg=113.25, stdev=633.33
    clat percentiles (usec):
     |  1.00th=[   80],  5.00th=[   83], 10.00th=[   83], 20.00th=[   84],
     | 30.00th=[   84], 40.00th=[   84], 50.00th=[   85], 60.00th=[   85],
     | 70.00th=[   87], 80.00th=[   89], 90.00th=[   91], 95.00th=[   92],
     | 99.00th=[  217], 99.50th=[  474], 99.90th=[16512], 99.95th=[16512],
     | 99.99th=[22656]
    bw (KB  /s): min=103104, max=359680, per=100.00%, avg=281660.70, stdev=73395.52
    lat (usec) : 100=98.13%, 250=0.93%, 500=0.48%, 750=0.28%, 1000=0.03%
    lat (msec) : 2=0.01%, 4=0.01%, 10=0.01%, 20=0.11%, 50=0.02%
  cpu          : usr=1.61%, sys=3.33%, ctx=527616, majf=0, minf=12
  IO depths    : 1=100.0%, 2=0.0%, 4=0.0%, 8=0.0%, 16=0.0%, 32=0.0%, >=64=0.0%
     submit    : 0=0.0%, 4=100.0%, 8=0.0%, 16=0.0%, 32=0.0%, 64=0.0%, >=64=0.0%
     complete  : 0=0.0%, 4=100.0%, 8=0.0%, 16=0.0%, 32=0.0%, 64=0.0%, >=64=0.0%
     issued    : total=r=0/w=527607/d=0, short=r=0/w=0/d=0, drop=r=0/w=0/d=0
     latency   : target=0, window=0, percentile=100.00%, depth=1

Run status group 0 (all jobs):
  WRITE: io=16488MB, aggrb=281385KB/s, minb=281385KB/s, maxb=281385KB/s, mint=60001msec, maxt=60001msec

Disk stats (read/write):
  sda: ios=0/526616, merge=0/21, ticks=0/56760, in_queue=56732, util=94.31%
