fioccpe: (g=0): rw=read, bs=4M-4M/4M-4M/4M-4M, ioengine=sync, iodepth=1
fio-2.2.10
Starting 1 process

fioccpe: (groupid=0, jobs=1): err= 0: pid=11594: Thu Aug 17 22:17:40 2017
  read : io=10884MB, bw=185751KB/s, iops=45, runt= 60001msec
    clat (usec): min=181, max=229630, avg=22049.57, stdev=50066.45
     lat (usec): min=181, max=229631, avg=22049.66, stdev=50066.62
    clat percentiles (usec):
     |  1.00th=[  181],  5.00th=[  183], 10.00th=[  183], 20.00th=[  183],
     | 30.00th=[  183], 40.00th=[  183], 50.00th=[  183], 60.00th=[  183],
     | 70.00th=[  185], 80.00th=[  195], 90.00th=[130560], 95.00th=[138240],
     | 99.00th=[142336], 99.50th=[146432], 99.90th=[183296], 99.95th=[222208],
     | 99.99th=[230400]
    bw (KB  /s): min=25206, max=9895936, per=64.54%, avg=119876.66, stdev=940662.91
    lat (usec) : 250=83.87%, 500=0.04%
    lat (msec) : 250=16.10%
  cpu          : usr=0.00%, sys=0.87%, ctx=444, majf=0, minf=523
  IO depths    : 1=100.0%, 2=0.0%, 4=0.0%, 8=0.0%, 16=0.0%, 32=0.0%, >=64=0.0%
     submit    : 0=0.0%, 4=100.0%, 8=0.0%, 16=0.0%, 32=0.0%, 64=0.0%, >=64=0.0%
     complete  : 0=0.0%, 4=100.0%, 8=0.0%, 16=0.0%, 32=0.0%, 64=0.0%, >=64=0.0%
     issued    : total=r=2721/w=0/d=0, short=r=0/w=0/d=0, drop=r=0/w=0/d=0
     latency   : target=0, window=0, percentile=100.00%, depth=1

Run status group 0 (all jobs):
   READ: io=10884MB, aggrb=185750KB/s, minb=185750KB/s, maxb=185750KB/s, mint=60001msec, maxt=60001msec

Disk stats (read/write):
  sda: ios=1754/27, merge=0/22, ticks=149516/4568, in_queue=154084, util=99.20%
