fioccpe: (g=0): rw=read, bs=32K-32K/32K-32K/32K-32K, ioengine=sync, iodepth=1
fio-2.2.10
Starting 1 process

fioccpe: (groupid=0, jobs=1): err= 0: pid=8502: Thu Aug 17 22:01:35 2017
  read : io=16370MB, bw=279384KB/s, iops=8730, runt= 60001msec
    clat (usec): min=1, max=50911, avg=114.28, stdev=380.16
     lat (usec): min=1, max=50911, avg=114.31, stdev=380.17
    clat percentiles (usec):
     |  1.00th=[    1],  5.00th=[    1], 10.00th=[    1], 20.00th=[    1],
     | 30.00th=[    1], 40.00th=[    2], 50.00th=[    2], 60.00th=[    2],
     | 70.00th=[    2], 80.00th=[    2], 90.00th=[  892], 95.00th=[  916],
     | 99.00th=[ 2008], 99.50th=[ 2024], 99.90th=[ 2096], 99.95th=[ 2128],
     | 99.99th=[ 4960]
    bw (KB  /s): min=24192, max=14892032, per=55.54%, avg=155177.06, stdev=1362374.19
    lat (usec) : 2=33.98%, 4=55.32%, 10=0.01%, 20=0.02%, 1000=9.05%
    lat (msec) : 2=0.57%, 4=1.03%, 10=0.02%, 20=0.01%, 50=0.01%
    lat (msec) : 100=0.01%
  cpu          : usr=0.38%, sys=2.15%, ctx=55943, majf=0, minf=18
  IO depths    : 1=100.0%, 2=0.0%, 4=0.0%, 8=0.0%, 16=0.0%, 32=0.0%, >=64=0.0%
     submit    : 0=0.0%, 4=100.0%, 8=0.0%, 16=0.0%, 32=0.0%, 64=0.0%, >=64=0.0%
     complete  : 0=0.0%, 4=100.0%, 8=0.0%, 16=0.0%, 32=0.0%, 64=0.0%, >=64=0.0%
     issued    : total=r=523853/w=0/d=0, short=r=0/w=0/d=0, drop=r=0/w=0/d=0
     latency   : target=0, window=0, percentile=100.00%, depth=1

Run status group 0 (all jobs):
   READ: io=16370MB, aggrb=279383KB/s, minb=279383KB/s, maxb=279383KB/s, mint=60001msec, maxt=60001msec

Disk stats (read/write):
  sda: ios=55936/15, merge=0/10, ticks=57560/200, in_queue=57760, util=95.94%
