fioccpe: (g=0): rw=read, bs=32K-32K/32K-32K/32K-32K, ioengine=sync, iodepth=1
fio-2.2.10
Starting 1 process

fioccpe: (groupid=0, jobs=1): err= 0: pid=7472: Thu Aug 17 21:56:13 2017
  read : io=16695MB, bw=284928KB/s, iops=8904, runt= 60000msec
    clat (usec): min=1, max=50872, avg=112.07, stdev=373.89
     lat (usec): min=1, max=50872, avg=112.10, stdev=373.89
    clat percentiles (usec):
     |  1.00th=[    1],  5.00th=[    1], 10.00th=[    1], 20.00th=[    1],
     | 30.00th=[    1], 40.00th=[    2], 50.00th=[    2], 60.00th=[    2],
     | 70.00th=[    2], 80.00th=[    2], 90.00th=[  892], 95.00th=[  916],
     | 99.00th=[ 2008], 99.50th=[ 2024], 99.90th=[ 2096], 99.95th=[ 2128],
     | 99.99th=[ 4960]
    bw (KB  /s): min=25024, max=17696832, per=62.74%, avg=178754.95, stdev=1619488.97
    lat (usec) : 2=34.73%, 4=54.77%, 10=0.01%, 20=0.02%, 1000=8.87%
    lat (msec) : 2=0.56%, 4=1.02%, 10=0.02%, 20=0.01%, 50=0.01%
    lat (msec) : 100=0.01%
  cpu          : usr=0.39%, sys=2.35%, ctx=55939, majf=0, minf=17
  IO depths    : 1=100.0%, 2=0.0%, 4=0.0%, 8=0.0%, 16=0.0%, 32=0.0%, >=64=0.0%
     submit    : 0=0.0%, 4=100.0%, 8=0.0%, 16=0.0%, 32=0.0%, 64=0.0%, >=64=0.0%
     complete  : 0=0.0%, 4=100.0%, 8=0.0%, 16=0.0%, 32=0.0%, 64=0.0%, >=64=0.0%
     issued    : total=r=534240/w=0/d=0, short=r=0/w=0/d=0, drop=r=0/w=0/d=0
     latency   : target=0, window=0, percentile=100.00%, depth=1

Run status group 0 (all jobs):
   READ: io=16695MB, aggrb=284928KB/s, minb=284928KB/s, maxb=284928KB/s, mint=60000msec, maxt=60000msec

Disk stats (read/write):
  sda: ios=55936/14, merge=0/10, ticks=57384/180, in_queue=57560, util=95.64%
