fioccpe: (g=0): rw=read, bs=32K-32K/32K-32K/32K-32K, ioengine=sync, iodepth=1
fio-2.2.10
Starting 1 process

fioccpe: (groupid=0, jobs=1): err= 0: pid=10046: Thu Aug 17 22:09:37 2017
  read : io=14495MB, bw=247377KB/s, iops=7730, runt= 60000msec
    clat (usec): min=1, max=51943, avg=129.11, stdev=396.76
     lat (usec): min=1, max=51943, avg=129.13, stdev=396.77
    clat percentiles (usec):
     |  1.00th=[    1],  5.00th=[    1], 10.00th=[    1], 20.00th=[    1],
     | 30.00th=[    1], 40.00th=[    2], 50.00th=[    2], 60.00th=[    2],
     | 70.00th=[    2], 80.00th=[    2], 90.00th=[  892], 95.00th=[  948],
     | 99.00th=[ 2024], 99.50th=[ 2040], 99.90th=[ 2096], 99.95th=[ 2128],
     | 99.99th=[ 4960]
    bw (KB  /s): min=24192, max=12282496, per=53.87%, avg=133264.90, stdev=1123157.03
    lat (usec) : 2=33.42%, 4=54.47%, 10=0.01%, 20=0.02%, 750=0.01%
    lat (usec) : 1000=10.25%
    lat (msec) : 2=0.64%, 4=1.17%, 10=0.02%, 20=0.01%, 50=0.01%
    lat (msec) : 100=0.01%
  cpu          : usr=0.35%, sys=1.65%, ctx=56072, majf=0, minf=18
  IO depths    : 1=100.0%, 2=0.0%, 4=0.0%, 8=0.0%, 16=0.0%, 32=0.0%, >=64=0.0%
     submit    : 0=0.0%, 4=100.0%, 8=0.0%, 16=0.0%, 32=0.0%, 64=0.0%, >=64=0.0%
     complete  : 0=0.0%, 4=100.0%, 8=0.0%, 16=0.0%, 32=0.0%, 64=0.0%, >=64=0.0%
     issued    : total=r=463831/w=0/d=0, short=r=0/w=0/d=0, drop=r=0/w=0/d=0
     latency   : target=0, window=0, percentile=100.00%, depth=1

Run status group 0 (all jobs):
   READ: io=14495MB, aggrb=247376KB/s, minb=247376KB/s, maxb=247376KB/s, mint=60000msec, maxt=60000msec

Disk stats (read/write):
  sda: ios=56064/15, merge=0/10, ticks=57968/184, in_queue=58152, util=96.62%
