fioccpe: (g=0): rw=read, bs=4M-4M/4M-4M/4M-4M, ioengine=sync, iodepth=1
fio-2.2.10
Starting 1 process

fioccpe: (groupid=0, jobs=1): err= 0: pid=6441: Thu Aug 17 21:50:51 2017
  read : io=16976MB, bw=289719KB/s, iops=70, runt= 60001msec
    clat (usec): min=181, max=230567, avg=14136.73, stdev=41361.67
     lat (usec): min=181, max=230567, avg=14136.82, stdev=41361.85
    clat percentiles (usec):
     |  1.00th=[  181],  5.00th=[  183], 10.00th=[  183], 20.00th=[  183],
     | 30.00th=[  183], 40.00th=[  183], 50.00th=[  183], 60.00th=[  185],
     | 70.00th=[  185], 80.00th=[  185], 90.00th=[129536], 95.00th=[136192],
     | 99.00th=[142336], 99.50th=[142336], 99.90th=[187392], 99.95th=[214016],
     | 99.99th=[230400]
    bw (KB  /s): min=20344, max=22265856, per=88.84%, avg=257391.98, stdev=2126888.96
    lat (usec) : 250=89.68%, 500=0.02%, 1000=0.02%
    lat (msec) : 250=10.27%
  cpu          : usr=0.01%, sys=1.35%, ctx=444, majf=0, minf=524
  IO depths    : 1=100.0%, 2=0.0%, 4=0.0%, 8=0.0%, 16=0.0%, 32=0.0%, >=64=0.0%
     submit    : 0=0.0%, 4=100.0%, 8=0.0%, 16=0.0%, 32=0.0%, 64=0.0%, >=64=0.0%
     complete  : 0=0.0%, 4=100.0%, 8=0.0%, 16=0.0%, 32=0.0%, 64=0.0%, >=64=0.0%
     issued    : total=r=4244/w=0/d=0, short=r=0/w=0/d=0, drop=r=0/w=0/d=0
     latency   : target=0, window=0, percentile=100.00%, depth=1

Run status group 0 (all jobs):
   READ: io=16976MB, aggrb=289718KB/s, minb=289718KB/s, maxb=289718KB/s, mint=60001msec, maxt=60001msec

Disk stats (read/write):
  sda: ios=1745/14, merge=0/12, ticks=148788/2272, in_queue=151060, util=98.74%
