fioccpe: (g=0): rw=read, bs=32K-32K/32K-32K/32K-32K, ioengine=sync, iodepth=1
fio-2.2.10
Starting 1 process

fioccpe: (groupid=0, jobs=1): err= 0: pid=7986: Thu Aug 17 21:58:54 2017
  read : io=16799MB, bw=286703KB/s, iops=8959, runt= 60001msec
    clat (usec): min=1, max=50856, avg=111.38, stdev=372.92
     lat (usec): min=1, max=50856, avg=111.41, stdev=372.93
    clat percentiles (usec):
     |  1.00th=[    1],  5.00th=[    1], 10.00th=[    1], 20.00th=[    1],
     | 30.00th=[    1], 40.00th=[    2], 50.00th=[    2], 60.00th=[    2],
     | 70.00th=[    2], 80.00th=[    2], 90.00th=[  892], 95.00th=[  908],
     | 99.00th=[ 2008], 99.50th=[ 2024], 99.90th=[ 2096], 99.95th=[ 2128],
     | 99.99th=[ 4960]
    bw (KB  /s): min=25024, max=15122112, per=54.80%, avg=157113.98, stdev=1383465.30
    lat (usec) : 2=35.83%, 4=53.73%, 10=0.01%, 20=0.02%, 750=0.01%
    lat (usec) : 1000=8.83%
    lat (msec) : 2=0.55%, 4=1.01%, 10=0.02%, 20=0.01%, 50=0.01%
    lat (msec) : 100=0.01%
  cpu          : usr=0.33%, sys=1.86%, ctx=55942, majf=0, minf=17
  IO depths    : 1=100.0%, 2=0.0%, 4=0.0%, 8=0.0%, 16=0.0%, 32=0.0%, >=64=0.0%
     submit    : 0=0.0%, 4=100.0%, 8=0.0%, 16=0.0%, 32=0.0%, 64=0.0%, >=64=0.0%
     complete  : 0=0.0%, 4=100.0%, 8=0.0%, 16=0.0%, 32=0.0%, 64=0.0%, >=64=0.0%
     issued    : total=r=537577/w=0/d=0, short=r=0/w=0/d=0, drop=r=0/w=0/d=0
     latency   : target=0, window=0, percentile=100.00%, depth=1

Run status group 0 (all jobs):
   READ: io=16799MB, aggrb=286702KB/s, minb=286702KB/s, maxb=286702KB/s, mint=60001msec, maxt=60001msec

Disk stats (read/write):
  sda: ios=55936/15, merge=0/10, ticks=57644/192, in_queue=57832, util=96.07%
