fioccpe: (g=0): rw=read, bs=4M-4M/4M-4M/4M-4M, ioengine=sync, iodepth=1
fio-2.2.10
Starting 1 process

fioccpe: (groupid=0, jobs=1): err= 0: pid=12111: Thu Aug 17 22:20:20 2017
  read : io=15104MB, bw=257771KB/s, iops=62, runt= 60001msec
    clat (usec): min=181, max=258934, avg=15888.95, stdev=43457.59
     lat (usec): min=181, max=258935, avg=15889.03, stdev=43457.76
    clat percentiles (usec):
     |  1.00th=[  181],  5.00th=[  181], 10.00th=[  183], 20.00th=[  183],
     | 30.00th=[  183], 40.00th=[  183], 50.00th=[  183], 60.00th=[  183],
     | 70.00th=[  185], 80.00th=[  189], 90.00th=[130560], 95.00th=[136192],
     | 99.00th=[142336], 99.50th=[142336], 99.90th=[173056], 99.95th=[181248],
     | 99.99th=[259072]
    bw (KB  /s): min=26597, max=22216704, per=100.00%, avg=268978.63, stdev=2141433.97
    lat (usec) : 250=88.37%, 500=0.03%
    lat (msec) : 250=11.57%, 500=0.03%
  cpu          : usr=0.00%, sys=1.20%, ctx=444, majf=0, minf=523
  IO depths    : 1=100.0%, 2=0.0%, 4=0.0%, 8=0.0%, 16=0.0%, 32=0.0%, >=64=0.0%
     submit    : 0=0.0%, 4=100.0%, 8=0.0%, 16=0.0%, 32=0.0%, 64=0.0%, >=64=0.0%
     complete  : 0=0.0%, 4=100.0%, 8=0.0%, 16=0.0%, 32=0.0%, 64=0.0%, >=64=0.0%
     issued    : total=r=3776/w=0/d=0, short=r=0/w=0/d=0, drop=r=0/w=0/d=0
     latency   : target=0, window=0, percentile=100.00%, depth=1

Run status group 0 (all jobs):
   READ: io=15104MB, aggrb=257770KB/s, minb=257770KB/s, maxb=257770KB/s, mint=60001msec, maxt=60001msec

Disk stats (read/write):
  sda: ios=1752/13, merge=0/10, ticks=148748/1188, in_queue=149936, util=98.85%
