fioccpe: (g=0): rw=read, bs=4M-4M/4M-4M/4M-4M, ioengine=sync, iodepth=1
fio-2.2.10
Starting 1 process

fioccpe: (groupid=0, jobs=1): err= 0: pid=5415: Thu Aug 17 21:45:30 2017
  read : io=20480MB, bw=350841KB/s, iops=85, runt= 59775msec
    clat (usec): min=181, max=197302, avg=11673.85, stdev=37713.60
     lat (usec): min=181, max=197302, avg=11673.93, stdev=37713.76
    clat percentiles (usec):
     |  1.00th=[  181],  5.00th=[  181], 10.00th=[  183], 20.00th=[  183],
     | 30.00th=[  183], 40.00th=[  183], 50.00th=[  185], 60.00th=[  185],
     | 70.00th=[  185], 80.00th=[  195], 90.00th=[  490], 95.00th=[130560],
     | 99.00th=[140288], 99.50th=[142336], 99.90th=[152576], 99.95th=[177152],
     | 99.99th=[197632]
    bw (KB  /s): min=26383, max=21479424, per=67.18%, avg=235709.56, stdev=2046984.82
    lat (usec) : 250=87.99%, 500=2.30%, 750=1.13%, 1000=0.08%
    lat (msec) : 250=8.50%
  cpu          : usr=0.02%, sys=1.75%, ctx=445, majf=0, minf=524
  IO depths    : 1=100.0%, 2=0.0%, 4=0.0%, 8=0.0%, 16=0.0%, 32=0.0%, >=64=0.0%
     submit    : 0=0.0%, 4=100.0%, 8=0.0%, 16=0.0%, 32=0.0%, 64=0.0%, >=64=0.0%
     complete  : 0=0.0%, 4=100.0%, 8=0.0%, 16=0.0%, 32=0.0%, 64=0.0%, >=64=0.0%
     issued    : total=r=5120/w=0/d=0, short=r=0/w=0/d=0, drop=r=0/w=0/d=0
     latency   : target=0, window=0, percentile=100.00%, depth=1

Run status group 0 (all jobs):
   READ: io=20480MB, aggrb=350840KB/s, minb=350840KB/s, maxb=350840KB/s, mint=59775msec, maxt=59775msec

Disk stats (read/write):
  sda: ios=1740/15, merge=0/9, ticks=147156/2260, in_queue=149416, util=98.36%
