fioccpe: (g=0): rw=read, bs=4M-4M/4M-4M/4M-4M, ioengine=sync, iodepth=1
fio-2.2.10
Starting 1 process

fioccpe: (groupid=0, jobs=1): err= 0: pid=12633: Thu Aug 17 22:23:01 2017
  read : io=17308MB, bw=295385KB/s, iops=72, runt= 60001msec
    clat (usec): min=181, max=211787, avg=13865.57, stdev=40834.40
     lat (usec): min=181, max=211787, avg=13865.65, stdev=40834.57
    clat percentiles (usec):
     |  1.00th=[  181],  5.00th=[  183], 10.00th=[  183], 20.00th=[  183],
     | 30.00th=[  183], 40.00th=[  183], 50.00th=[  183], 60.00th=[  185],
     | 70.00th=[  185], 80.00th=[  187], 90.00th=[129536], 95.00th=[134144],
     | 99.00th=[142336], 99.50th=[142336], 99.90th=[171008], 99.95th=[181248],
     | 99.99th=[211968]
    bw (KB  /s): min=23272, max=22257664, per=88.96%, avg=262764.29, stdev=2133780.67
    lat (usec) : 250=89.85%, 500=0.02%
    lat (msec) : 250=10.12%
  cpu          : usr=0.00%, sys=1.39%, ctx=446, majf=0, minf=524
  IO depths    : 1=100.0%, 2=0.0%, 4=0.0%, 8=0.0%, 16=0.0%, 32=0.0%, >=64=0.0%
     submit    : 0=0.0%, 4=100.0%, 8=0.0%, 16=0.0%, 32=0.0%, 64=0.0%, >=64=0.0%
     complete  : 0=0.0%, 4=100.0%, 8=0.0%, 16=0.0%, 32=0.0%, 64=0.0%, >=64=0.0%
     issued    : total=r=4327/w=0/d=0, short=r=0/w=0/d=0, drop=r=0/w=0/d=0
     latency   : target=0, window=0, percentile=100.00%, depth=1

Run status group 0 (all jobs):
   READ: io=17308MB, aggrb=295384KB/s, minb=295384KB/s, maxb=295384KB/s, mint=60001msec, maxt=60001msec

Disk stats (read/write):
  sda: ios=1752/16, merge=0/10, ticks=148276/3028, in_queue=151304, util=98.69%
