fioccpe: (g=0): rw=read, bs=4M-4M/4M-4M/4M-4M, ioengine=sync, iodepth=1
fio-2.2.10
Starting 1 process

fioccpe: (groupid=0, jobs=1): err= 0: pid=11076: Thu Aug 17 22:14:59 2017
  read : io=15784MB, bw=269376KB/s, iops=65, runt= 60001msec
    clat (usec): min=181, max=238995, avg=15204.45, stdev=42608.23
     lat (usec): min=181, max=238995, avg=15204.53, stdev=42608.38
    clat percentiles (usec):
     |  1.00th=[  181],  5.00th=[  181], 10.00th=[  183], 20.00th=[  183],
     | 30.00th=[  183], 40.00th=[  183], 50.00th=[  183], 60.00th=[  183],
     | 70.00th=[  185], 80.00th=[  185], 90.00th=[130560], 95.00th=[136192],
     | 99.00th=[142336], 99.50th=[142336], 99.90th=[183296], 99.95th=[203776],
     | 99.99th=[238592]
    bw (KB  /s): min=23676, max=22274048, per=85.63%, avg=230663.46, stdev=2111286.39
    lat (usec) : 250=88.87%, 500=0.03%
    lat (msec) : 250=11.10%
  cpu          : usr=0.00%, sys=1.23%, ctx=444, majf=0, minf=523
  IO depths    : 1=100.0%, 2=0.0%, 4=0.0%, 8=0.0%, 16=0.0%, 32=0.0%, >=64=0.0%
     submit    : 0=0.0%, 4=100.0%, 8=0.0%, 16=0.0%, 32=0.0%, 64=0.0%, >=64=0.0%
     complete  : 0=0.0%, 4=100.0%, 8=0.0%, 16=0.0%, 32=0.0%, 64=0.0%, >=64=0.0%
     issued    : total=r=3946/w=0/d=0, short=r=0/w=0/d=0, drop=r=0/w=0/d=0
     latency   : target=0, window=0, percentile=100.00%, depth=1

Run status group 0 (all jobs):
   READ: io=15784MB, aggrb=269375KB/s, minb=269375KB/s, maxb=269375KB/s, mint=60001msec, maxt=60001msec

Disk stats (read/write):
  sda: ios=1752/15, merge=0/10, ticks=148700/3568, in_queue=152268, util=98.85%
