fioccpe: (g=0): rw=write, bs=4M-4M/4M-4M/4M-4M, ioengine=sync, iodepth=1
fio-2.2.10
Starting 1 process

fioccpe: (groupid=0, jobs=1): err= 0: pid=11853: Thu Aug 17 22:19:00 2017
  write: io=1748.0MB, bw=29779KB/s, iops=7, runt= 60107msec
    clat (msec): min=49, max=230, avg=137.39, stdev=13.47
     lat (msec): min=49, max=230, avg=137.54, stdev=13.47
    clat percentiles (msec):
     |  1.00th=[  130],  5.00th=[  130], 10.00th=[  131], 20.00th=[  131],
     | 30.00th=[  131], 40.00th=[  131], 50.00th=[  137], 60.00th=[  137],
     | 70.00th=[  139], 80.00th=[  141], 90.00th=[  145], 95.00th=[  163],
     | 99.00th=[  192], 99.50th=[  194], 99.90th=[  231], 99.95th=[  231],
     | 99.99th=[  231]
    bw (KB  /s): min=23585, max=34536, per=100.00%, avg=29861.94, stdev=1798.25
    lat (msec) : 50=0.23%, 100=0.23%, 250=99.54%
  cpu          : usr=0.10%, sys=0.13%, ctx=444, majf=0, minf=11
  IO depths    : 1=100.0%, 2=0.0%, 4=0.0%, 8=0.0%, 16=0.0%, 32=0.0%, >=64=0.0%
     submit    : 0=0.0%, 4=100.0%, 8=0.0%, 16=0.0%, 32=0.0%, 64=0.0%, >=64=0.0%
     complete  : 0=0.0%, 4=100.0%, 8=0.0%, 16=0.0%, 32=0.0%, 64=0.0%, >=64=0.0%
     issued    : total=r=0/w=437/d=0, short=r=0/w=0/d=0, drop=r=0/w=0/d=0
     latency   : target=0, window=0, percentile=100.00%, depth=1

Run status group 0 (all jobs):
  WRITE: io=1748.0MB, aggrb=29779KB/s, minb=29779KB/s, maxb=29779KB/s, mint=60107msec, maxt=60107msec

Disk stats (read/write):
  sda: ios=0/1777, merge=0/20, ticks=0/159524, in_queue=159732, util=99.77%
