fioccpe: (g=0): rw=write, bs=32K-32K/32K-32K/32K-32K, ioengine=sync, iodepth=1
fio-2.2.10
Starting 1 process

fioccpe: (groupid=0, jobs=1): err= 0: pid=8245: Thu Aug 17 22:00:14 2017
  write: io=1744.4MB, bw=29770KB/s, iops=930, runt= 60001msec
    clat (usec): min=377, max=142940, avg=1073.36, stdev=1886.00
     lat (usec): min=378, max=142941, avg=1074.20, stdev=1886.00
    clat percentiles (usec):
     |  1.00th=[  450],  5.00th=[  892], 10.00th=[  892], 20.00th=[  892],
     | 30.00th=[  900], 40.00th=[  900], 50.00th=[  908], 60.00th=[  948],
     | 70.00th=[  956], 80.00th=[  956], 90.00th=[ 2008], 95.00th=[ 2024],
     | 99.00th=[ 2096], 99.50th=[ 2128], 99.90th=[ 9024], 99.95th=[10432],
     | 99.99th=[123392]
    bw (KB  /s): min=23872, max=33984, per=100.00%, avg=29860.39, stdev=1734.62
    lat (usec) : 500=1.74%, 750=0.38%, 1000=83.25%
    lat (msec) : 2=4.13%, 4=10.21%, 10=0.23%, 20=0.04%, 50=0.01%
    lat (msec) : 250=0.02%
  cpu          : usr=0.25%, sys=0.57%, ctx=55825, majf=0, minf=11
  IO depths    : 1=100.0%, 2=0.0%, 4=0.0%, 8=0.0%, 16=0.0%, 32=0.0%, >=64=0.0%
     submit    : 0=0.0%, 4=100.0%, 8=0.0%, 16=0.0%, 32=0.0%, 64=0.0%, >=64=0.0%
     complete  : 0=0.0%, 4=100.0%, 8=0.0%, 16=0.0%, 32=0.0%, 64=0.0%, >=64=0.0%
     issued    : total=r=0/w=55820/d=0, short=r=0/w=0/d=0, drop=r=0/w=0/d=0
     latency   : target=0, window=0, percentile=100.00%, depth=1

Run status group 0 (all jobs):
  WRITE: io=1744.4MB, aggrb=29770KB/s, minb=29770KB/s, maxb=29770KB/s, mint=60001msec, maxt=60001msec

Disk stats (read/write):
  sda: ios=0/55779, merge=0/22, ticks=0/60172, in_queue=60172, util=97.55%
