fioccpe: (g=0): rw=write, bs=32K-32K/32K-32K/32K-32K, ioengine=sync, iodepth=1
fio-2.2.10
Starting 1 process

fioccpe: (groupid=0, jobs=1): err= 0: pid=9790: Thu Aug 17 22:08:17 2017
  write: io=1745.0MB, bw=29781KB/s, iops=930, runt= 60001msec
    clat (usec): min=363, max=153709, avg=1072.93, stdev=1877.37
     lat (usec): min=364, max=153710, avg=1073.82, stdev=1877.37
    clat percentiles (usec):
     |  1.00th=[  450],  5.00th=[  884], 10.00th=[  892], 20.00th=[  892],
     | 30.00th=[  900], 40.00th=[  900], 50.00th=[  908], 60.00th=[  948],
     | 70.00th=[  956], 80.00th=[  956], 90.00th=[ 2008], 95.00th=[ 2024],
     | 99.00th=[ 2096], 99.50th=[ 2128], 99.90th=[ 9024], 99.95th=[10304],
     | 99.99th=[123392]
    bw (KB  /s): min=23488, max=34240, per=100.00%, avg=29868.72, stdev=1739.62
    lat (usec) : 500=1.76%, 750=0.39%, 1000=83.18%
    lat (msec) : 2=4.23%, 4=10.16%, 10=0.23%, 20=0.03%, 50=0.01%
    lat (msec) : 250=0.02%
  cpu          : usr=0.29%, sys=0.55%, ctx=55845, majf=0, minf=11
  IO depths    : 1=100.0%, 2=0.0%, 4=0.0%, 8=0.0%, 16=0.0%, 32=0.0%, >=64=0.0%
     submit    : 0=0.0%, 4=100.0%, 8=0.0%, 16=0.0%, 32=0.0%, 64=0.0%, >=64=0.0%
     complete  : 0=0.0%, 4=100.0%, 8=0.0%, 16=0.0%, 32=0.0%, 64=0.0%, >=64=0.0%
     issued    : total=r=0/w=55840/d=0, short=r=0/w=0/d=0, drop=r=0/w=0/d=0
     latency   : target=0, window=0, percentile=100.00%, depth=1

Run status group 0 (all jobs):
  WRITE: io=1745.0MB, aggrb=29780KB/s, minb=29780KB/s, maxb=29780KB/s, mint=60001msec, maxt=60001msec

Disk stats (read/write):
  sda: ios=0/55791, merge=0/21, ticks=0/59960, in_queue=59956, util=97.22%
