fioccpe: (g=0): rw=write, bs=4M-4M/4M-4M/4M-4M, ioengine=sync, iodepth=1
fio-2.2.10
Starting 1 process

fioccpe: (groupid=0, jobs=1): err= 0: pid=8761: Thu Aug 17 22:02:55 2017
  write: io=1752.0MB, bw=29847KB/s, iops=7, runt= 60109msec
    clat (msec): min=41, max=221, avg=137.07, stdev=13.09
     lat (msec): min=41, max=221, avg=137.23, stdev=13.10
    clat percentiles (msec):
     |  1.00th=[  130],  5.00th=[  130], 10.00th=[  131], 20.00th=[  131],
     | 30.00th=[  131], 40.00th=[  131], 50.00th=[  135], 60.00th=[  137],
     | 70.00th=[  139], 80.00th=[  141], 90.00th=[  145], 95.00th=[  163],
     | 99.00th=[  190], 99.50th=[  198], 99.90th=[  223], 99.95th=[  223],
     | 99.99th=[  223]
    bw (KB  /s): min=23813, max=34711, per=100.00%, avg=29916.07, stdev=1693.66
    lat (msec) : 50=0.23%, 250=99.77%
  cpu          : usr=0.12%, sys=0.12%, ctx=444, majf=0, minf=11
  IO depths    : 1=100.0%, 2=0.0%, 4=0.0%, 8=0.0%, 16=0.0%, 32=0.0%, >=64=0.0%
     submit    : 0=0.0%, 4=100.0%, 8=0.0%, 16=0.0%, 32=0.0%, 64=0.0%, >=64=0.0%
     complete  : 0=0.0%, 4=100.0%, 8=0.0%, 16=0.0%, 32=0.0%, 64=0.0%, >=64=0.0%
     issued    : total=r=0/w=438/d=0, short=r=0/w=0/d=0, drop=r=0/w=0/d=0
     latency   : target=0, window=0, percentile=100.00%, depth=1

Run status group 0 (all jobs):
  WRITE: io=1752.0MB, aggrb=29846KB/s, minb=29846KB/s, maxb=29846KB/s, mint=60109msec, maxt=60109msec

Disk stats (read/write):
  sda: ios=0/1779, merge=0/20, ticks=0/157960, in_queue=158160, util=99.70%
