fioccpe: (g=0): rw=write, bs=32K-32K/32K-32K/32K-32K, ioengine=sync, iodepth=1
fio-2.2.10
Starting 1 process

fioccpe: (groupid=0, jobs=1): err= 0: pid=12892: Thu Aug 17 22:24:22 2017
  write: io=1742.1MB, bw=29742KB/s, iops=929, runt= 60009msec
    clat (usec): min=383, max=125900, avg=1074.39, stdev=1820.14
     lat (usec): min=384, max=125901, avg=1075.22, stdev=1820.14
    clat percentiles (usec):
     |  1.00th=[  454],  5.00th=[  892], 10.00th=[  892], 20.00th=[  892],
     | 30.00th=[  900], 40.00th=[  900], 50.00th=[  908], 60.00th=[  948],
     | 70.00th=[  956], 80.00th=[  956], 90.00th=[ 2008], 95.00th=[ 2024],
     | 99.00th=[ 2096], 99.50th=[ 2128], 99.90th=[ 9280], 99.95th=[10432],
     | 99.99th=[121344]
    bw (KB  /s): min=23552, max=33980, per=100.00%, avg=29821.68, stdev=1663.81
    lat (usec) : 500=1.68%, 750=0.47%, 1000=83.19%
    lat (msec) : 2=4.15%, 4=10.21%, 10=0.24%, 20=0.05%, 250=0.02%
  cpu          : usr=0.31%, sys=0.49%, ctx=55778, majf=0, minf=12
  IO depths    : 1=100.0%, 2=0.0%, 4=0.0%, 8=0.0%, 16=0.0%, 32=0.0%, >=64=0.0%
     submit    : 0=0.0%, 4=100.0%, 8=0.0%, 16=0.0%, 32=0.0%, 64=0.0%, >=64=0.0%
     complete  : 0=0.0%, 4=100.0%, 8=0.0%, 16=0.0%, 32=0.0%, 64=0.0%, >=64=0.0%
     issued    : total=r=0/w=55774/d=0, short=r=0/w=0/d=0, drop=r=0/w=0/d=0
     latency   : target=0, window=0, percentile=100.00%, depth=1

Run status group 0 (all jobs):
  WRITE: io=1742.1MB, aggrb=29741KB/s, minb=29741KB/s, maxb=29741KB/s, mint=60009msec, maxt=60009msec

Disk stats (read/write):
  sda: ios=0/55724, merge=0/21, ticks=0/60108, in_queue=60104, util=97.56%
