fioccpe: (g=0): rw=write, bs=32K-32K/32K-32K/32K-32K, ioengine=sync, iodepth=1
fio-2.2.10
Starting 1 process

fioccpe: (groupid=0, jobs=1): err= 0: pid=10305: Thu Aug 17 22:10:57 2017
  write: io=1735.8MB, bw=29622KB/s, iops=925, runt= 60001msec
    clat (usec): min=366, max=141513, avg=1078.75, stdev=2031.17
     lat (usec): min=367, max=141514, avg=1079.58, stdev=2031.17
    clat percentiles (usec):
     |  1.00th=[  446],  5.00th=[  884], 10.00th=[  892], 20.00th=[  892],
     | 30.00th=[  900], 40.00th=[  900], 50.00th=[  908], 60.00th=[  948],
     | 70.00th=[  956], 80.00th=[  964], 90.00th=[ 2008], 95.00th=[ 2024],
     | 99.00th=[ 2096], 99.50th=[ 2128], 99.90th=[ 9152], 99.95th=[10432],
     | 99.99th=[125440]
    bw (KB  /s): min=14941, max=34048, per=100.00%, avg=29643.30, stdev=2413.30
    lat (usec) : 500=1.89%, 750=0.44%, 1000=83.05%
    lat (msec) : 2=4.22%, 4=10.10%, 10=0.23%, 20=0.03%, 50=0.01%
    lat (msec) : 100=0.01%, 250=0.02%
  cpu          : usr=0.25%, sys=0.55%, ctx=55545, majf=0, minf=11
  IO depths    : 1=100.0%, 2=0.0%, 4=0.0%, 8=0.0%, 16=0.0%, 32=0.0%, >=64=0.0%
     submit    : 0=0.0%, 4=100.0%, 8=0.0%, 16=0.0%, 32=0.0%, 64=0.0%, >=64=0.0%
     complete  : 0=0.0%, 4=100.0%, 8=0.0%, 16=0.0%, 32=0.0%, 64=0.0%, >=64=0.0%
     issued    : total=r=0/w=55542/d=0, short=r=0/w=0/d=0, drop=r=0/w=0/d=0
     latency   : target=0, window=0, percentile=100.00%, depth=1

Run status group 0 (all jobs):
  WRITE: io=1735.8MB, aggrb=29621KB/s, minb=29621KB/s, maxb=29621KB/s, mint=60001msec, maxt=60001msec

Disk stats (read/write):
  sda: ios=0/55489, merge=0/21, ticks=0/60516, in_queue=60516, util=97.45%
