fioccpe: (g=0): rw=write, bs=4M-4M/4M-4M/4M-4M, ioengine=sync, iodepth=1
fio-2.2.10
Starting 1 process

fioccpe: (groupid=0, jobs=1): err= 0: pid=11334: Thu Aug 17 22:16:19 2017
  write: io=1748.0MB, bw=29777KB/s, iops=7, runt= 60112msec
    clat (msec): min=45, max=217, avg=137.39, stdev=13.52
     lat (msec): min=46, max=218, avg=137.55, stdev=13.52
    clat percentiles (msec):
     |  1.00th=[  130],  5.00th=[  130], 10.00th=[  131], 20.00th=[  131],
     | 30.00th=[  131], 40.00th=[  131], 50.00th=[  137], 60.00th=[  137],
     | 70.00th=[  139], 80.00th=[  141], 90.00th=[  145], 95.00th=[  163],
     | 99.00th=[  192], 99.50th=[  202], 99.90th=[  219], 99.95th=[  219],
     | 99.99th=[  219]
    bw (KB  /s): min=22925, max=34420, per=100.00%, avg=29837.10, stdev=1734.60
    lat (msec) : 50=0.23%, 100=0.23%, 250=99.54%
  cpu          : usr=0.11%, sys=0.15%, ctx=442, majf=0, minf=10
  IO depths    : 1=100.0%, 2=0.0%, 4=0.0%, 8=0.0%, 16=0.0%, 32=0.0%, >=64=0.0%
     submit    : 0=0.0%, 4=100.0%, 8=0.0%, 16=0.0%, 32=0.0%, 64=0.0%, >=64=0.0%
     complete  : 0=0.0%, 4=100.0%, 8=0.0%, 16=0.0%, 32=0.0%, 64=0.0%, >=64=0.0%
     issued    : total=r=0/w=437/d=0, short=r=0/w=0/d=0, drop=r=0/w=0/d=0
     latency   : target=0, window=0, percentile=100.00%, depth=1

Run status group 0 (all jobs):
  WRITE: io=1748.0MB, aggrb=29776KB/s, minb=29776KB/s, maxb=29776KB/s, mint=60112msec, maxt=60112msec

Disk stats (read/write):
  sda: ios=0/1776, merge=0/20, ticks=0/158104, in_queue=158232, util=99.72%
