fioccpe: (g=0): rw=write, bs=4M-4M/4M-4M/4M-4M, ioengine=sync, iodepth=1
fio-2.2.10
Starting 1 process

fioccpe: (groupid=0, jobs=1): err= 0: pid=6699: Thu Aug 17 21:52:12 2017
  write: io=1748.0MB, bw=29799KB/s, iops=7, runt= 60068msec
    clat (msec): min=44, max=200, avg=137.29, stdev=12.48
     lat (msec): min=44, max=200, avg=137.45, stdev=12.48
    clat percentiles (msec):
     |  1.00th=[  130],  5.00th=[  130], 10.00th=[  131], 20.00th=[  131],
     | 30.00th=[  131], 40.00th=[  131], 50.00th=[  137], 60.00th=[  137],
     | 70.00th=[  139], 80.00th=[  141], 90.00th=[  145], 95.00th=[  163],
     | 99.00th=[  192], 99.50th=[  196], 99.90th=[  200], 99.95th=[  200],
     | 99.99th=[  200]
    bw (KB  /s): min=23676, max=34536, per=100.00%, avg=29886.60, stdev=1661.30
    lat (msec) : 50=0.23%, 250=99.77%
  cpu          : usr=0.09%, sys=0.16%, ctx=444, majf=0, minf=11
  IO depths    : 1=100.0%, 2=0.0%, 4=0.0%, 8=0.0%, 16=0.0%, 32=0.0%, >=64=0.0%
     submit    : 0=0.0%, 4=100.0%, 8=0.0%, 16=0.0%, 32=0.0%, 64=0.0%, >=64=0.0%
     complete  : 0=0.0%, 4=100.0%, 8=0.0%, 16=0.0%, 32=0.0%, 64=0.0%, >=64=0.0%
     issued    : total=r=0/w=437/d=0, short=r=0/w=0/d=0, drop=r=0/w=0/d=0
     latency   : target=0, window=0, percentile=100.00%, depth=1

Run status group 0 (all jobs):
  WRITE: io=1748.0MB, aggrb=29798KB/s, minb=29798KB/s, maxb=29798KB/s, mint=60068msec, maxt=60068msec

Disk stats (read/write):
  sda: ios=0/1776, merge=0/20, ticks=0/159200, in_queue=159200, util=99.71%
