fioccpe: (g=0): rw=write, bs=32K-32K/32K-32K/32K-32K, ioengine=sync, iodepth=1
fio-2.2.10
Starting 1 process

fioccpe: (groupid=0, jobs=1): err= 0: pid=7213: Thu Aug 17 21:54:53 2017
  write: io=1744.9MB, bw=29778KB/s, iops=930, runt= 60001msec
    clat (usec): min=371, max=135699, avg=1073.08, stdev=1922.56
     lat (usec): min=371, max=135700, avg=1073.91, stdev=1922.56
    clat percentiles (usec):
     |  1.00th=[  450],  5.00th=[  892], 10.00th=[  892], 20.00th=[  892],
     | 30.00th=[  900], 40.00th=[  900], 50.00th=[  908], 60.00th=[  948],
     | 70.00th=[  956], 80.00th=[  956], 90.00th=[ 2008], 95.00th=[ 2024],
     | 99.00th=[ 2096], 99.50th=[ 2128], 99.90th=[ 9024], 99.95th=[10176],
     | 99.99th=[129536]
    bw (KB  /s): min=22035, max=33980, per=100.00%, avg=29820.18, stdev=2200.78
    lat (usec) : 500=1.76%, 750=0.37%, 1000=83.38%
    lat (msec) : 2=4.03%, 4=10.18%, 10=0.24%, 20=0.03%, 50=0.01%
    lat (msec) : 250=0.02%
  cpu          : usr=0.19%, sys=0.62%, ctx=55837, majf=0, minf=12
  IO depths    : 1=100.0%, 2=0.0%, 4=0.0%, 8=0.0%, 16=0.0%, 32=0.0%, >=64=0.0%
     submit    : 0=0.0%, 4=100.0%, 8=0.0%, 16=0.0%, 32=0.0%, 64=0.0%, >=64=0.0%
     complete  : 0=0.0%, 4=100.0%, 8=0.0%, 16=0.0%, 32=0.0%, 64=0.0%, >=64=0.0%
     issued    : total=r=0/w=55835/d=0, short=r=0/w=0/d=0, drop=r=0/w=0/d=0
     latency   : target=0, window=0, percentile=100.00%, depth=1

Run status group 0 (all jobs):
  WRITE: io=1744.9MB, aggrb=29778KB/s, minb=29778KB/s, maxb=29778KB/s, mint=60001msec, maxt=60001msec

Disk stats (read/write):
  sda: ios=0/55785, merge=0/22, ticks=0/59864, in_queue=59860, util=96.99%
