fioccpe: (g=0): rw=write, bs=4M-4M/4M-4M/4M-4M, ioengine=sync, iodepth=1
fio-2.2.10
Starting 1 process

fioccpe: (groupid=0, jobs=1): err= 0: pid=10820: Thu Aug 17 22:13:38 2017
  write: io=1744.0MB, bw=29761KB/s, iops=7, runt= 60006msec
    clat (msec): min=50, max=236, avg=137.47, stdev=13.62
     lat (msec): min=50, max=236, avg=137.62, stdev=13.62
    clat percentiles (msec):
     |  1.00th=[  130],  5.00th=[  130], 10.00th=[  131], 20.00th=[  131],
     | 30.00th=[  131], 40.00th=[  131], 50.00th=[  137], 60.00th=[  137],
     | 70.00th=[  139], 80.00th=[  141], 90.00th=[  145], 95.00th=[  176],
     | 99.00th=[  192], 99.50th=[  196], 99.90th=[  237], 99.95th=[  237],
     | 99.99th=[  237]
    bw (KB  /s): min=21787, max=34247, per=100.00%, avg=29850.79, stdev=1894.92
    lat (msec) : 100=0.23%, 250=99.77%
  cpu          : usr=0.13%, sys=0.10%, ctx=442, majf=0, minf=11
  IO depths    : 1=100.0%, 2=0.0%, 4=0.0%, 8=0.0%, 16=0.0%, 32=0.0%, >=64=0.0%
     submit    : 0=0.0%, 4=100.0%, 8=0.0%, 16=0.0%, 32=0.0%, 64=0.0%, >=64=0.0%
     complete  : 0=0.0%, 4=100.0%, 8=0.0%, 16=0.0%, 32=0.0%, 64=0.0%, >=64=0.0%
     issued    : total=r=0/w=436/d=0, short=r=0/w=0/d=0, drop=r=0/w=0/d=0
     latency   : target=0, window=0, percentile=100.00%, depth=1

Run status group 0 (all jobs):
  WRITE: io=1744.0MB, aggrb=29761KB/s, minb=29761KB/s, maxb=29761KB/s, mint=60006msec, maxt=60006msec

Disk stats (read/write):
  sda: ios=0/2210, merge=0/20, ticks=0/170396, in_queue=170600, util=99.75%
