fioccpe: (g=0): rw=write, bs=32K-32K/32K-32K/32K-32K, ioengine=sync, iodepth=1
fio-2.2.10
Starting 1 process

fioccpe: (groupid=0, jobs=1): err= 0: pid=7730: Thu Aug 17 21:57:34 2017
  write: io=1744.2MB, bw=29767KB/s, iops=930, runt= 60001msec
    clat (usec): min=384, max=178072, avg=1073.51, stdev=1946.26
     lat (usec): min=385, max=178073, avg=1074.33, stdev=1946.26
    clat percentiles (usec):
     |  1.00th=[  450],  5.00th=[  892], 10.00th=[  892], 20.00th=[  892],
     | 30.00th=[  900], 40.00th=[  900], 50.00th=[  908], 60.00th=[  948],
     | 70.00th=[  956], 80.00th=[  956], 90.00th=[ 2008], 95.00th=[ 2024],
     | 99.00th=[ 2096], 99.50th=[ 2128], 99.90th=[ 8512], 99.95th=[ 9792],
     | 99.99th=[126464]
    bw (KB  /s): min=23872, max=33980, per=100.00%, avg=29867.10, stdev=1720.41
    lat (usec) : 500=1.66%, 750=0.47%, 1000=83.22%
    lat (msec) : 2=4.22%, 4=10.14%, 10=0.23%, 20=0.03%, 50=0.01%
    lat (msec) : 250=0.02%
  cpu          : usr=0.23%, sys=0.56%, ctx=55820, majf=0, minf=11
  IO depths    : 1=100.0%, 2=0.0%, 4=0.0%, 8=0.0%, 16=0.0%, 32=0.0%, >=64=0.0%
     submit    : 0=0.0%, 4=100.0%, 8=0.0%, 16=0.0%, 32=0.0%, 64=0.0%, >=64=0.0%
     complete  : 0=0.0%, 4=100.0%, 8=0.0%, 16=0.0%, 32=0.0%, 64=0.0%, >=64=0.0%
     issued    : total=r=0/w=55814/d=0, short=r=0/w=0/d=0, drop=r=0/w=0/d=0
     latency   : target=0, window=0, percentile=100.00%, depth=1

Run status group 0 (all jobs):
  WRITE: io=1744.2MB, aggrb=29766KB/s, minb=29766KB/s, maxb=29766KB/s, mint=60001msec, maxt=60001msec

Disk stats (read/write):
  sda: ios=0/55769, merge=0/22, ticks=0/60156, in_queue=60164, util=97.47%
