fioccpe: (g=0): rw=write, bs=4M-4M/4M-4M/4M-4M, ioengine=sync, iodepth=1
fio-2.2.10
Starting 1 process
fioccpe: Laying out IO file(s) (1 file(s) / 20480MB)

fioccpe: (groupid=0, jobs=1): err= 0: pid=5156: Thu Aug 17 21:44:10 2017
  write: io=1740.0MB, bw=29693KB/s, iops=7, runt= 60007msec
    clat (msec): min=53, max=420, avg=137.79, stdev=18.45
     lat (msec): min=53, max=420, avg=137.94, stdev=18.45
    clat percentiles (msec):
     |  1.00th=[  130],  5.00th=[  130], 10.00th=[  131], 20.00th=[  131],
     | 30.00th=[  131], 40.00th=[  131], 50.00th=[  137], 60.00th=[  137],
     | 70.00th=[  139], 80.00th=[  141], 90.00th=[  145], 95.00th=[  172],
     | 99.00th=[  192], 99.50th=[  192], 99.90th=[  420], 99.95th=[  420],
     | 99.99th=[  420]
    bw (KB  /s): min=13676, max=34076, per=100.00%, avg=29787.54, stdev=2319.59
    lat (msec) : 100=0.23%, 250=99.54%, 500=0.23%
  cpu          : usr=0.13%, sys=0.15%, ctx=451, majf=0, minf=10
  IO depths    : 1=100.0%, 2=0.0%, 4=0.0%, 8=0.0%, 16=0.0%, 32=0.0%, >=64=0.0%
     submit    : 0=0.0%, 4=100.0%, 8=0.0%, 16=0.0%, 32=0.0%, 64=0.0%, >=64=0.0%
     complete  : 0=0.0%, 4=100.0%, 8=0.0%, 16=0.0%, 32=0.0%, 64=0.0%, >=64=0.0%
     issued    : total=r=0/w=435/d=0, short=r=0/w=0/d=0, drop=r=0/w=0/d=0
     latency   : target=0, window=0, percentile=100.00%, depth=1

Run status group 0 (all jobs):
  WRITE: io=1740.0MB, aggrb=29692KB/s, minb=29692KB/s, maxb=29692KB/s, mint=60007msec, maxt=60007msec

Disk stats (read/write):
  sda: ios=0/2221, merge=0/370, ticks=0/177020, in_queue=177224, util=99.65%
