fioccpe: (g=0): rw=write, bs=32K-32K/32K-32K/32K-32K, ioengine=sync, iodepth=1
fio-2.2.10
Starting 1 process

fioccpe: (groupid=0, jobs=1): err= 0: pid=5668: Thu Aug 17 21:46:50 2017
  write: io=1744.4MB, bw=29764KB/s, iops=930, runt= 60001msec
    clat (usec): min=366, max=169200, avg=1073.61, stdev=1913.69
     lat (usec): min=367, max=169201, avg=1074.42, stdev=1913.69
    clat percentiles (usec):
     |  1.00th=[  450],  5.00th=[  892], 10.00th=[  892], 20.00th=[  892],
     | 30.00th=[  900], 40.00th=[  900], 50.00th=[  908], 60.00th=[  948],
     | 70.00th=[  956], 80.00th=[  956], 90.00th=[ 2008], 95.00th=[ 2024],
     | 99.00th=[ 2096], 99.50th=[ 2128], 99.90th=[ 9024], 99.95th=[10304],
     | 99.99th=[123392]
    bw (KB  /s): min=22656, max=34176, per=100.00%, avg=29854.65, stdev=1748.60
    lat (usec) : 500=1.70%, 750=0.44%, 1000=83.27%
    lat (msec) : 2=4.09%, 4=10.22%, 10=0.23%, 20=0.03%, 250=0.02%
  cpu          : usr=0.32%, sys=0.51%, ctx=55814, majf=0, minf=11
  IO depths    : 1=100.0%, 2=0.0%, 4=0.0%, 8=0.0%, 16=0.0%, 32=0.0%, >=64=0.0%
     submit    : 0=0.0%, 4=100.0%, 8=0.0%, 16=0.0%, 32=0.0%, 64=0.0%, >=64=0.0%
     complete  : 0=0.0%, 4=100.0%, 8=0.0%, 16=0.0%, 32=0.0%, 64=0.0%, >=64=0.0%
     issued    : total=r=0/w=55809/d=0, short=r=0/w=0/d=0, drop=r=0/w=0/d=0
     latency   : target=0, window=0, percentile=100.00%, depth=1

Run status group 0 (all jobs):
  WRITE: io=1744.4MB, aggrb=29764KB/s, minb=29764KB/s, maxb=29764KB/s, mint=60001msec, maxt=60001msec

Disk stats (read/write):
  sda: ios=0/55759, merge=0/20, ticks=0/60160, in_queue=60160, util=97.51%
